<?xml version="1.0" encoding="UTF-8"?>
<testsuite name="ReverseStringTest" tests="6" skipped="0" failures="0" errors="0" timestamp="2026-06-23T22:44:09.630Z" hostname="DESKTOP-E9KNR5F" time="0.239">
  <properties/>
  <testcase name="a word" classname="ReverseStringTest" time="0.172"/>
  <testcase name="an empty string" classname="ReverseStringTest" time="0.001"/>
  <testcase name="a capitalized word" classname="ReverseStringTest" time="0.002"/>
  <testcase name="a sentence with punctuation" classname="ReverseStringTest" time="0.002"/>
  <testcase name="a palindrome" classname="ReverseStringTest" time="0.002"/>
  <testcase name="an even-sized word" classname="ReverseStringTest" time="0.003"/>
  <system-out><![CDATA[]]></system-out>
  <system-err><![CDATA[]]></system-err>
</testsuite>
