<?xml version="1.0" encoding="UTF-8"?>
<testsuite name="DifferenceOfSquaresCalculatorTest" tests="9" skipped="0" failures="0" errors="0" timestamp="2026-07-04T00:37:32.715Z" hostname="DESKTOP-E9KNR5F" time="0.259">
  <properties/>
  <testcase name="difference of squares 100" classname="DifferenceOfSquaresCalculatorTest" time="0.169"/>
  <testcase name="square of sum 1" classname="DifferenceOfSquaresCalculatorTest" time="0.003"/>
  <testcase name="square of sum 100" classname="DifferenceOfSquaresCalculatorTest" time="0.002"/>
  <testcase name="difference of squares 1" classname="DifferenceOfSquaresCalculatorTest" time="0.002"/>
  <testcase name="sum of squares 100" classname="DifferenceOfSquaresCalculatorTest" time="0.003"/>
  <testcase name="square of sum 5" classname="DifferenceOfSquaresCalculatorTest" time="0.002"/>
  <testcase name="difference of squares 5" classname="DifferenceOfSquaresCalculatorTest" time="0.001"/>
  <testcase name="sum of squares 1" classname="DifferenceOfSquaresCalculatorTest" time="0.002"/>
  <testcase name="sum of squares 5" classname="DifferenceOfSquaresCalculatorTest" time="0.002"/>
  <system-out><![CDATA[]]></system-out>
  <system-err><![CDATA[]]></system-err>
</testsuite>
