<?xml version="1.0" encoding="UTF-8"?>
<testsuite name="ResistorColorDuoTest" tests="7" skipped="0" failures="0" errors="0" timestamp="2026-07-02T01:06:32.009Z" hostname="DESKTOP-E9KNR5F" time="0.213">
  <properties/>
  <testcase name="White and red" classname="ResistorColorDuoTest" time="0.143"/>
  <testcase name="Black and brown, one-digit" classname="ResistorColorDuoTest" time="0.002"/>
  <testcase name="Brown and black" classname="ResistorColorDuoTest" time="0.002"/>
  <testcase name="Blue and grey" classname="ResistorColorDuoTest" time="0.003"/>
  <testcase name="Orange and orange" classname="ResistorColorDuoTest" time="0.003"/>
  <testcase name="Yellow and violet" classname="ResistorColorDuoTest" time="0.003"/>
  <testcase name="Ignore additional colors" classname="ResistorColorDuoTest" time="0.002"/>
  <system-out><![CDATA[]]></system-out>
  <system-err><![CDATA[]]></system-err>
</testsuite>
