<?xml version="1.0" encoding="UTF-8"?>
<testsuite name="ProteinTranslatorTest" tests="31" skipped="0" failures="0" errors="0" timestamp="2026-07-10T23:52:13.117Z" hostname="DESKTOP-E9KNR5F" time="0.386">
  <properties/>
  <testcase name="Tryptophan RNA sequence" classname="ProteinTranslatorTest" time="0.169"/>
  <testcase name="Translate RNA strand into correct protein list" classname="ProteinTranslatorTest" time="0.002"/>
  <testcase name="Sequence of two protein codons translates into proteins" classname="ProteinTranslatorTest" time="0.002"/>
  <testcase name="Methionine RNA sequence" classname="ProteinTranslatorTest" time="0.001"/>
  <testcase name="Sequence of two non-STOP codons does not translate to a STOP codon" classname="ProteinTranslatorTest" time="0.002"/>
  <testcase name="Translation stops if STOP codon in middle of three-codon sequence" classname="ProteinTranslatorTest" time="0.003"/>
  <testcase name="Translation stops if STOP codon in middle of six-codon sequence" classname="ProteinTranslatorTest" time="0.002"/>
  <testcase name="Empty RNA sequence results in no proteins" classname="ProteinTranslatorTest" time="0.004"/>
  <testcase name="Sequence of two different protein codons translates into proteins" classname="ProteinTranslatorTest" time="0.003"/>
  <testcase name="Tyrosine RNA sequence 1" classname="ProteinTranslatorTest" time="0.002"/>
  <testcase name="Tyrosine RNA sequence 2" classname="ProteinTranslatorTest" time="0.001"/>
  <testcase name="Non-existing codon can't translate" classname="ProteinTranslatorTest" time="0.009"/>
  <testcase name="Incomplete RNA sequence can translate if valid until a STOP codon" classname="ProteinTranslatorTest" time="0.003"/>
  <testcase name="Translation stops if STOP codon at end of two-codon sequence" classname="ProteinTranslatorTest" time="0.003"/>
  <testcase name="Translation stops if STOP codon at end of three-codon sequence" classname="ProteinTranslatorTest" time="0.004"/>
  <testcase name="Leucine RNA sequence 1" classname="ProteinTranslatorTest" time="0.003"/>
  <testcase name="Leucine RNA sequence 2" classname="ProteinTranslatorTest" time="0.003"/>
  <testcase name="STOP codon RNA sequence 1" classname="ProteinTranslatorTest" time="0.005"/>
  <testcase name="STOP codon RNA sequence 2" classname="ProteinTranslatorTest" time="0.003"/>
  <testcase name="STOP codon RNA sequence 3" classname="ProteinTranslatorTest" time="0.004"/>
  <testcase name="Phenylalanine RNA sequence 1" classname="ProteinTranslatorTest" time="0.016"/>
  <testcase name="Phenylalanine RNA sequence 2" classname="ProteinTranslatorTest" time="0.002"/>
  <testcase name="Unknown amino acids, not part of a codon, can't translate" classname="ProteinTranslatorTest" time="0.004"/>
  <testcase name="Serine RNA sequence 1" classname="ProteinTranslatorTest" time="0.003"/>
  <testcase name="Serine RNA sequence 2" classname="ProteinTranslatorTest" time="0.003"/>
  <testcase name="Serine RNA sequence 3" classname="ProteinTranslatorTest" time="0.003"/>
  <testcase name="Serine RNA sequence 4" classname="ProteinTranslatorTest" time="0.008"/>
  <testcase name="Translation stops if STOP codon at beginning of sequence" classname="ProteinTranslatorTest" time="0.002"/>
  <testcase name="Incomplete RNA sequence can't translate" classname="ProteinTranslatorTest" time="0.007"/>
  <testcase name="Cysteine RNA sequence 1" classname="ProteinTranslatorTest" time="0.003"/>
  <testcase name="Cysteine RNA sequence 2" classname="ProteinTranslatorTest" time="0.003"/>
  <system-out><![CDATA[]]></system-out>
  <system-err><![CDATA[]]></system-err>
</testsuite>
