<?xml version="1.0" encoding="UTF-8"?>
<testsuite name="PangramCheckerTest" tests="10" skipped="0" failures="0" errors="0" timestamp="2026-07-08T00:33:40.328Z" hostname="DESKTOP-E9KNR5F" time="0.468">
  <properties/>
  <testcase name="perfect lower case" classname="PangramCheckerTest" time="0.284"/>
  <testcase name="with numbers" classname="PangramCheckerTest" time="0.008"/>
  <testcase name="with underscores" classname="PangramCheckerTest" time="0.004"/>
  <testcase name="only lower case" classname="PangramCheckerTest" time="0.004"/>
  <testcase name="missing the letter 'x'" classname="PangramCheckerTest" time="0.005"/>
  <testcase name="missing the letter 'h'" classname="PangramCheckerTest" time="0.008"/>
  <testcase name="missing letters replaced by numbers" classname="PangramCheckerTest" time="0.008"/>
  <testcase name="empty sentence" classname="PangramCheckerTest" time="0.006"/>
  <testcase name="mixed case and punctuation" classname="PangramCheckerTest" time="0.004"/>
  <testcase name="case insensitive" classname="PangramCheckerTest" time="0.005"/>
  <system-out><![CDATA[]]></system-out>
  <system-err><![CDATA[]]></system-err>
</testsuite>
