<?xml version="1.0" encoding="UTF-8"?>
<testsuite name="RelativeDistanceTest" tests="7" skipped="0" failures="0" errors="0" timestamp="2026-06-17T22:04:38.339Z" hostname="DESKTOP-E9KNR5F" time="0.265">
  <properties/>
  <testcase name="Sibling relationship" classname="RelativeDistanceTest" time="0.18"/>
  <testcase name="Direct parent-child relation" classname="RelativeDistanceTest" time="0.004"/>
  <testcase name="Complex graph, cousins" classname="RelativeDistanceTest" time="0.004"/>
  <testcase name="Unrelated individuals" classname="RelativeDistanceTest" time="0.003"/>
  <testcase name="Two degrees of separation, grandchild" classname="RelativeDistanceTest" time="0.003"/>
  <testcase name="Complex graph, no shortcut, far removed nephew" classname="RelativeDistanceTest" time="0.004"/>
  <testcase name="Complex graph, some shortcuts, cross-down and cross-up, cousins several times removed, with unrelated family tree" classname="RelativeDistanceTest" time="0.004"/>
  <system-out><![CDATA[]]></system-out>
  <system-err><![CDATA[]]></system-err>
</testsuite>
