<?xml version="1.0" encoding="UTF-8"?>
<testsuite name="ArmstrongNumbersTest" tests="9" skipped="0" failures="0" errors="0" timestamp="2026-06-24T00:44:57.319Z" hostname="DESKTOP-E9KNR5F" time="0.223">
  <properties/>
  <testcase name="Three-digit number that is not an Armstrong number" classname="ArmstrongNumbersTest" time="0.149"/>
  <testcase name="Seven-digit number that is not an Armstrong number" classname="ArmstrongNumbersTest" time="0.002"/>
  <testcase name="There are no two-digit Armstrong numbers" classname="ArmstrongNumbersTest" time="0.002"/>
  <testcase name="Single-digit numbers are Armstrong numbers" classname="ArmstrongNumbersTest" time="0.002"/>
  <testcase name="Zero is an Armstrong number" classname="ArmstrongNumbersTest" time="0.002"/>
  <testcase name="Seven-digit number that is an Armstrong number" classname="ArmstrongNumbersTest" time="0.003"/>
  <testcase name="Four-digit number that is not an Armstrong number" classname="ArmstrongNumbersTest" time="0.002"/>
  <testcase name="Four-digit number that is an Armstrong number" classname="ArmstrongNumbersTest" time="0.003"/>
  <testcase name="Three-digit number that is an Armstrong number" classname="ArmstrongNumbersTest" time="0.002"/>
  <system-out><![CDATA[]]></system-out>
  <system-err><![CDATA[]]></system-err>
</testsuite>
