<?xml version="1.0" encoding="UTF-8"?>
<testsuite name="GrainsTest" tests="11" skipped="0" failures="0" errors="0" timestamp="2026-06-27T00:45:43.545Z" hostname="DESKTOP-E9KNR5F" time="0.343">
  <properties/>
  <testcase name="grains on square 16" classname="GrainsTest" time="0.115"/>
  <testcase name="grains on square 32" classname="GrainsTest" time="0.003"/>
  <testcase name="grains on square 64" classname="GrainsTest" time="0.004"/>
  <testcase name="square greater than 64 is invalid" classname="GrainsTest" time="0.085"/>
  <testcase name="negative square is invalid" classname="GrainsTest" time="0.007"/>
  <testcase name="returns the number of grains on the square" classname="GrainsTest" time="0.004"/>
  <testcase name="grains on square 2" classname="GrainsTest" time="0.008"/>
  <testcase name="grains on square 3" classname="GrainsTest" time="0.006"/>
  <testcase name="grains on square 4" classname="GrainsTest" time="0.003"/>
  <testcase name="square 0 is invalid" classname="GrainsTest" time="0.012"/>
  <testcase name="returns the total number of grains on the board" classname="GrainsTest" time="0.004"/>
  <system-out><![CDATA[]]></system-out>
  <system-err><![CDATA[]]></system-err>
</testsuite>
