<?xml version="1.0" encoding="UTF-8"?>
<testsuite name="LargestSeriesProductCalculatorTest" tests="12" skipped="0" failures="0" errors="0" timestamp="2026-07-24T02:08:53.098Z" hostname="DESKTOP-E9KNR5F" time="0.258">
  <properties/>
  <testcase name="can find the largest product of 3" classname="LargestSeriesProductCalculatorTest" time="0.17"/>
  <testcase name="integer overflow" classname="LargestSeriesProductCalculatorTest" time="0.002"/>
  <testcase name="reports zero if the only digits are zero" classname="LargestSeriesProductCalculatorTest" time="0.003"/>
  <testcase name="can get the largest product of a big number" classname="LargestSeriesProductCalculatorTest" time="0.003"/>
  <testcase name="rejects span longer than string length" classname="LargestSeriesProductCalculatorTest" time="0.011"/>
  <testcase name="can find the largest product of 3 with numbers in order" classname="LargestSeriesProductCalculatorTest" time="0.002"/>
  <testcase name="reports zero if all spans include zero" classname="LargestSeriesProductCalculatorTest" time="0.002"/>
  <testcase name="finds the largest product if span equals length" classname="LargestSeriesProductCalculatorTest" time="0.001"/>
  <testcase name="can find the largest product of 2 with numbers in order" classname="LargestSeriesProductCalculatorTest" time="0.001"/>
  <testcase name="rejects invalid character in digits" classname="LargestSeriesProductCalculatorTest" time="0.002"/>
  <testcase name="can find the largest product of 5 with numbers in order" classname="LargestSeriesProductCalculatorTest" time="0.001"/>
  <testcase name="can find the largest product of 2" classname="LargestSeriesProductCalculatorTest" time="0.001"/>
  <system-out><![CDATA[]]></system-out>
  <system-err><![CDATA[]]></system-err>
</testsuite>
