<?xml version="1.0" encoding="UTF-8"?>
<testsuite name="BadgeTest" tests="4" skipped="0" failures="0" errors="0" timestamp="2026-05-19T17:20:15.909Z" hostname="DESKTOP-E9KNR5F" time="0.195">
  <properties/>
  <testcase name="Printing a badge for the owner" classname="BadgeTest" time="0.142"/>
  <testcase name="Printing a badge for a new employee" classname="BadgeTest" time="0.002"/>
  <testcase name="Printing a badge for an employee" classname="BadgeTest" time="0.005"/>
  <testcase name="Printing a badge for the owner who is a new employee" classname="BadgeTest" time="0.003"/>
  <system-out><![CDATA[]]></system-out>
  <system-err><![CDATA[]]></system-err>
</testsuite>
