<?xml version="1.0" encoding="UTF-8"?>
<testsuite name="ErrorHandlingTest" tests="11" skipped="0" failures="0" errors="0" timestamp="2026-07-18T00:30:07.027Z" hostname="DESKTOP-E9KNR5F" time="0.292">
  <properties/>
  <testcase name="Throws IllegalArgumentException with provided detail message" classname="ErrorHandlingTest" time="0.168"/>
  <testcase name="Handles error by throwing Optional instance" classname="ErrorHandlingTest" time="0.008"/>
  <testcase name="Throws custom unchecked exception" classname="ErrorHandlingTest" time="0.011"/>
  <testcase name="Throws custom checked exception with provided detail message" classname="ErrorHandlingTest" time="0.004"/>
  <testcase name="Throws custom unchecked exception with provided detail message" classname="ErrorHandlingTest" time="0.005"/>
  <testcase name="Throws IllegalArgumentException" classname="ErrorHandlingTest" time="0.003"/>
  <testcase name="Throws any unchecked exception" classname="ErrorHandlingTest" time="0.004"/>
  <testcase name="Throws any checked exception with provided detail message" classname="ErrorHandlingTest" time="0.003"/>
  <testcase name="Throws any checked exception" classname="ErrorHandlingTest" time="0.004"/>
  <testcase name="Throws any unchecked exception with provided detail message" classname="ErrorHandlingTest" time="0.003"/>
  <testcase name="Throws custom checked exception" classname="ErrorHandlingTest" time="0.004"/>
  <system-out><![CDATA[CustomUncheckedException
CustomUncheckedException
CustomCheckedException
]]></system-out>
  <system-err><![CDATA[]]></system-err>
</testsuite>
