<?xml version="1.0" encoding="UTF-8"?>
<testsuite name="SpaceAgeTest" tests="8" skipped="0" failures="0" errors="0" timestamp="2026-07-16T01:27:16.459Z" hostname="DESKTOP-E9KNR5F" time="0.295">
  <properties/>
  <testcase name="age on Saturn" classname="SpaceAgeTest" time="0.196"/>
  <testcase name="age on Uranus" classname="SpaceAgeTest" time="0.003"/>
  <testcase name="age on Jupiter" classname="SpaceAgeTest" time="0.002"/>
  <testcase name="age on Mercury" classname="SpaceAgeTest" time="0.002"/>
  <testcase name="age on Earth" classname="SpaceAgeTest" time="0.003"/>
  <testcase name="age on Venus" classname="SpaceAgeTest" time="0.006"/>
  <testcase name="age on Mars" classname="SpaceAgeTest" time="0.003"/>
  <testcase name="age on Neptune" classname="SpaceAgeTest" time="0.005"/>
  <system-out><![CDATA[]]></system-out>
  <system-err><![CDATA[]]></system-err>
</testsuite>
