<?xml version="1.0" encoding="UTF-8"?>
<testsuite name="HighScoresTest" tests="12" skipped="0" failures="0" errors="0" timestamp="2026-06-30T02:46:57.932Z" hostname="DESKTOP-E9KNR5F" time="0.25">
  <properties/>
  <testcase name="Latest score after personal best" classname="HighScoresTest" time="0.139"/>
  <testcase name="Personal top three from a list of scores" classname="HighScoresTest" time="0.026"/>
  <testcase name="Personal best" classname="HighScoresTest" time="0.002"/>
  <testcase name="List of scores" classname="HighScoresTest" time="0.002"/>
  <testcase name="Latest score" classname="HighScoresTest" time="0.002"/>
  <testcase name="Latest score after personal top scores" classname="HighScoresTest" time="0.002"/>
  <testcase name="Scores after personal top scores" classname="HighScoresTest" time="0.002"/>
  <testcase name="Personal top when there is only one" classname="HighScoresTest" time="0.002"/>
  <testcase name="Scores after personal best" classname="HighScoresTest" time="0.004"/>
  <testcase name="Personal top when there is a tie" classname="HighScoresTest" time="0.003"/>
  <testcase name="Personal top highest to lowest" classname="HighScoresTest" time="0.003"/>
  <testcase name="Personal top when there are less than 3" classname="HighScoresTest" time="0.002"/>
  <system-out><![CDATA[]]></system-out>
  <system-err><![CDATA[]]></system-err>
</testsuite>
