<?xml version="1.0" encoding="UTF-8"?>
<testsuite name="HammingTest" tests="9" skipped="0" failures="0" errors="0" timestamp="2026-07-05T00:04:48.383Z" hostname="DESKTOP-E9KNR5F" time="0.266">
  <properties/>
  <testcase name="single letter different strands" classname="HammingTest" time="0.154"/>
  <testcase name="empty strands" classname="HammingTest" time="0.003"/>
  <testcase name="single letter identical strands" classname="HammingTest" time="0.004"/>
  <testcase name="disallow left empty strand" classname="HammingTest" time="0.016"/>
  <testcase name="long identical strands" classname="HammingTest" time="0.005"/>
  <testcase name="disallow right empty strand" classname="HammingTest" time="0.004"/>
  <testcase name="long different strands" classname="HammingTest" time="0.004"/>
  <testcase name="disallow first strand longer" classname="HammingTest" time="0.004"/>
  <testcase name="disallow second strand longer" classname="HammingTest" time="0.003"/>
  <system-out><![CDATA[]]></system-out>
  <system-err><![CDATA[]]></system-err>
</testsuite>
