<?xml version="1.0" encoding="UTF-8"?>
<testsuite name="LogsLogsLogsTest" tests="15" skipped="0" failures="0" errors="0" timestamp="2026-06-20T02:17:04.880Z" hostname="DESKTOP-E9KNR5F" time="0.33">
  <properties/>
  <testcase name="Get short log output for log level INFO" classname="LogsLogsLogsTest" time="0.207"/>
  <testcase name="Parsing unknown log level ABC" classname="LogsLogsLogsTest" time="0.005"/>
  <testcase name="Parsing log level DBG" classname="LogsLogsLogsTest" time="0.002"/>
  <testcase name="Parsing log level ERR" classname="LogsLogsLogsTest" time="0.002"/>
  <testcase name="Parsing log level FTL" classname="LogsLogsLogsTest" time="0.002"/>
  <testcase name="Parsing log level INF" classname="LogsLogsLogsTest" time="0.002"/>
  <testcase name="Parsing log level WRN" classname="LogsLogsLogsTest" time="0.002"/>
  <testcase name="Parsing unknown log level XYZ" classname="LogsLogsLogsTest" time="0.002"/>
  <testcase name="Get short log output for log level WARNING" classname="LogsLogsLogsTest" time="0.004"/>
  <testcase name="Parsing log level TRC" classname="LogsLogsLogsTest" time="0.003"/>
  <testcase name="Get short log output for log level UNKNOWN" classname="LogsLogsLogsTest" time="0.003"/>
  <testcase name="Get short log output for log level DEBUG" classname="LogsLogsLogsTest" time="0.003"/>
  <testcase name="Get short log output for log level ERROR" classname="LogsLogsLogsTest" time="0.003"/>
  <testcase name="Get short log output for log level FATAL" classname="LogsLogsLogsTest" time="0.005"/>
  <testcase name="Get short log output for log level TRACE" classname="LogsLogsLogsTest" time="0.003"/>
  <system-out><![CDATA[]]></system-out>
  <system-err><![CDATA[]]></system-err>
</testsuite>
