<?xml version="1.0" encoding="UTF-8"?>
<testsuite name="ResistorColorTest" tests="4" skipped="0" failures="0" errors="0" timestamp="2026-06-30T23:37:52.506Z" hostname="DESKTOP-E9KNR5F" time="0.234">
  <properties/>
  <testcase name="white" classname="ResistorColorTest" time="0.145"/>
  <testcase name="Colors" classname="ResistorColorTest" time="0.035"/>
  <testcase name="Black" classname="ResistorColorTest" time="0.003"/>
  <testcase name="Orange" classname="ResistorColorTest" time="0.003"/>
  <system-out><![CDATA[Array colores: [black, brown, red, orange, yellow, green, blue, violet, grey, white]
]]></system-out>
  <system-err><![CDATA[]]></system-err>
</testsuite>
