<?xml version="1.0" encoding="UTF-8"?>
<testsuite name="RnaTranscriptionTest" tests="6" skipped="0" failures="0" errors="0" timestamp="2026-07-03T02:07:13.796Z" hostname="DESKTOP-E9KNR5F" time="0.228">
  <properties/>
  <testcase name="RNA complement of thymine is adenine" classname="RnaTranscriptionTest" time="0.159"/>
  <testcase name="RNA complement" classname="RnaTranscriptionTest" time="0.002"/>
  <testcase name="RNA complement of cytosine is guanine" classname="RnaTranscriptionTest" time="0.002"/>
  <testcase name="Empty RNA sequence" classname="RnaTranscriptionTest" time="0.001"/>
  <testcase name="RNA complement of guanine is cytosine" classname="RnaTranscriptionTest" time="0.002"/>
  <testcase name="RNA complement of adenine is uracil" classname="RnaTranscriptionTest" time="0.003"/>
  <system-out><![CDATA[]]></system-out>
  <system-err><![CDATA[]]></system-err>
</testsuite>
