<?xml version="1.0" encoding="UTF-8"?>
<testsuite name="PrimeCalculatorTest" tests="5" skipped="0" failures="0" errors="0" timestamp="2026-07-28T01:15:12.344Z" hostname="DESKTOP-E9KNR5F" time="0.297">
  <properties/>
  <testcase name="there is no zeroth prime" classname="PrimeCalculatorTest" time="0.186"/>
  <testcase name="sixth prime" classname="PrimeCalculatorTest" time="0.011"/>
  <testcase name="first prime" classname="PrimeCalculatorTest" time="0.003"/>
  <testcase name="second prime" classname="PrimeCalculatorTest" time="0.002"/>
  <testcase name="big prime" classname="PrimeCalculatorTest" time="0.037"/>
  <system-out><![CDATA[]]></system-out>
  <system-err><![CDATA[]]></system-err>
</testsuite>
