<?xml version="1.0" encoding="UTF-8"?>
<testsuite name="RaindropConverterTest" tests="18" skipped="0" failures="0" errors="0" timestamp="2026-07-11T00:09:50.432Z" hostname="DESKTOP-E9KNR5F" time="0.223">
  <properties/>
  <testcase name="the sound for 27 is Pling as it has a factor 3" classname="RaindropConverterTest" time="0.133"/>
  <testcase name="the sound for 14 is Plong as it has a factor of 7" classname="RaindropConverterTest" time="0.002"/>
  <testcase name="the sound for 7 is Plong" classname="RaindropConverterTest" time="0.001"/>
  <testcase name="the sound for 9 is Pling as it has a factor 3" classname="RaindropConverterTest" time="0.002"/>
  <testcase name="the sound for 35 is PlangPlong as it has factors 5 and 7" classname="RaindropConverterTest" time="0.002"/>
  <testcase name="2 to the power 3 does not make a raindrop sound as 3 is the exponent not the base" classname="RaindropConverterTest" time="0.003"/>
  <testcase name="the sound for 5 is Plang" classname="RaindropConverterTest" time="0.002"/>
  <testcase name="the sound for 21 is PlingPlong as it has factors 3 and 7" classname="RaindropConverterTest" time="0.001"/>
  <testcase name="the sound for 25 is Plang as it has a factor 5" classname="RaindropConverterTest" time="0.001"/>
  <testcase name="the sound for 105 is PlingPlangPlong as it has factors 3, 5 and 7" classname="RaindropConverterTest" time="0.001"/>
  <testcase name="the sound for 1 is 1" classname="RaindropConverterTest" time="0.001"/>
  <testcase name="the sound for 10 is Plang as it has a factor 5" classname="RaindropConverterTest" time="0.001"/>
  <testcase name="the sound for 49 is Plong as it has a factor 7" classname="RaindropConverterTest" time="0.001"/>
  <testcase name="the sound for 3 is Pling" classname="RaindropConverterTest" time="0.001"/>
  <testcase name="the sound for 52 is 52" classname="RaindropConverterTest" time="0.001"/>
  <testcase name="the sound for 6 is Pling as it has a factor 3" classname="RaindropConverterTest" time="0.001"/>
  <testcase name="the sound for 3125 is Plang as it has a factor 5" classname="RaindropConverterTest" time="0.002"/>
  <testcase name="the sound for 15 is PlingPlang as it has factors 3 and 5" classname="RaindropConverterTest" time="0.003"/>
  <system-out><![CDATA[]]></system-out>
  <system-err><![CDATA[]]></system-err>
</testsuite>
