<?xml version="1.0" encoding="UTF-8"?>
<testsuite name="ScrabbleScoreTest" tests="11" skipped="0" failures="0" errors="0" timestamp="2026-07-15T01:28:18.387Z" hostname="DESKTOP-E9KNR5F" time="0.228">
  <properties/>
  <testcase name="short, valuable word" classname="ScrabbleScoreTest" time="0.15"/>
  <testcase name="entire alphabet available" classname="ScrabbleScoreTest" time="0.002"/>
  <testcase name="uppercase letter" classname="ScrabbleScoreTest" time="0.002"/>
  <testcase name="long, mixed-case word" classname="ScrabbleScoreTest" time="0.002"/>
  <testcase name="english-like word" classname="ScrabbleScoreTest" time="0.001"/>
  <testcase name="valuable letter" classname="ScrabbleScoreTest" time="0.001"/>
  <testcase name="lowercase letter" classname="ScrabbleScoreTest" time="0.002"/>
  <testcase name="medium word" classname="ScrabbleScoreTest" time="0.002"/>
  <testcase name="empty input" classname="ScrabbleScoreTest" time="0.001"/>
  <testcase name="short word" classname="ScrabbleScoreTest" time="0.002"/>
  <testcase name="medium, valuable word" classname="ScrabbleScoreTest" time="0.002"/>
  <system-out><![CDATA[]]></system-out>
  <system-err><![CDATA[]]></system-err>
</testsuite>
