<?xml version="1.0" encoding="UTF-8"?>
<testsuite name="PrismTest" tests="14" skipped="0" failures="0" errors="0" timestamp="2026-07-30T23:27:33.265Z" hostname="DESKTOP-E9KNR5F" time="0.533">
  <properties/>
  <testcase name="simple path" classname="PrismTest" time="0.267"/>
  <testcase name="zero prisms" classname="PrismTest" time="0.004"/>
  <testcase name="upward reflection two hits" classname="PrismTest" time="0.007"/>
  <testcase name="going down zero hits" classname="PrismTest" time="0.002"/>
  <testcase name="complex path with multiple prisms floating point precision" classname="PrismTest" time="0.088"/>
  <testcase name="downward reflection two hits" classname="PrismTest" time="0.004"/>
  <testcase name="one prism hits zero" classname="PrismTest" time="0.003"/>
  <testcase name="one prism one hit" classname="PrismTest" time="0.006"/>
  <testcase name="same prism twice" classname="PrismTest" time="0.005"/>
  <testcase name="going up zero hits" classname="PrismTest" time="0.003"/>
  <testcase name="negative angle" classname="PrismTest" time="0.003"/>
  <testcase name="large angle" classname="PrismTest" time="0.003"/>
  <testcase name="going left zero hits" classname="PrismTest" time="0.003"/>
  <testcase name="multiple prisms floating point precision" classname="PrismTest" time="0.06"/>
  <system-out><![CDATA[estado del Laser: LaserInfo[x=0.0, y=0.0, angle=0.0]
prisma mas cercano: PrismInfo[id=2, x=10.0, y=0.0, angle=90.0]
Lista de IDs: [2]
nuevo angulo: 90.0
------------------------------------   nuevo prisma   -----------------------------------
estado del Laser: LaserInfo[x=10.0, y=0.0, angle=90.0]
prisma mas cercano: PrismInfo[id=1, x=10.0, y=10.0, angle=-90.0]
Lista de IDs: [2, 1]
nuevo angulo: 0.0
------------------------------------   nuevo prisma   -----------------------------------
estado del Laser: LaserInfo[x=10.0, y=10.0, angle=0.0]
prisma mas cercano: PrismInfo[id=3, x=30.0, y=10.0, angle=45.0]
Lista de IDs: [2, 1, 3]
nuevo angulo: 45.0
------------------------------------   nuevo prisma   -----------------------------------
estado del Laser: LaserInfo[x=30.0, y=10.0, angle=45.0]
No hay coincidencias, terminando busqueda.
estado del Laser: LaserInfo[x=0.0, y=0.0, angle=0.0]
No hay coincidencias, terminando busqueda.
estado del Laser: LaserInfo[x=0.0, y=0.0, angle=0.0]
prisma mas cercano: PrismInfo[id=2, x=10.0, y=0.0, angle=90.0]
Lista de IDs: [2]
nuevo angulo: 90.0
------------------------------------   nuevo prisma   -----------------------------------
estado del Laser: LaserInfo[x=10.0, y=0.0, angle=90.0]
prisma mas cercano: PrismInfo[id=1, x=10.0, y=10.0, angle=0.0]
Lista de IDs: [2, 1]
nuevo angulo: 90.0
------------------------------------   nuevo prisma   -----------------------------------
estado del Laser: LaserInfo[x=10.0, y=10.0, angle=90.0]
No hay coincidencias, terminando busqueda.
estado del Laser: LaserInfo[x=0.0, y=0.0, angle=-90.0]
No hay coincidencias, terminando busqueda.
estado del Laser: LaserInfo[x=0.0, y=0.0, angle=0.0]
prisma mas cercano: PrismInfo[id=43, x=7.0, y=0.0, angle=116.565]
Lista de IDs: [43]
nuevo angulo: 116.565
------------------------------------   nuevo prisma   -----------------------------------
estado del Laser: LaserInfo[x=7.0, y=0.0, angle=116.565]
prisma mas cercano: PrismInfo[id=44, x=-0.8, y=15.6, angle=-116.565]
Lista de IDs: [43, 44]
nuevo angulo: 0.0
------------------------------------   nuevo prisma   -----------------------------------
estado del Laser: LaserInfo[x=-0.8, y=15.6, angle=0.0]
prisma mas cercano: PrismInfo[id=66, x=5.4, y=15.6, angle=31.608]
Lista de IDs: [43, 44, 66]
nuevo angulo: 31.608000000000004
------------------------------------   nuevo prisma   -----------------------------------
estado del Laser: LaserInfo[x=5.4, y=15.6, angle=31.608000000000004]
prisma mas cercano: PrismInfo[id=45, x=10.6, y=18.8, angle=23.697]
Lista de IDs: [43, 44, 66, 45]
nuevo angulo: 55.30500000000001
------------------------------------   nuevo prisma   -----------------------------------
estado del Laser: LaserInfo[x=10.6, y=18.8, angle=55.30500000000001]
prisma mas cercano: PrismInfo[id=52, x=14.2, y=24.0, angle=-143.896]
Lista de IDs: [43, 44, 66, 45, 52]
nuevo angulo: 271.409
------------------------------------   nuevo prisma   -----------------------------------
estado del Laser: LaserInfo[x=14.2, y=24.0, angle=271.409]
prisma mas cercano: PrismInfo[id=35, x=14.8, y=-0.4, angle=89.176]
Lista de IDs: [43, 44, 66, 45, 52, 35]
nuevo angulo: 0.5849999999999795
------------------------------------   nuevo prisma   -----------------------------------
estado del Laser: LaserInfo[x=14.8, y=-0.4, angle=0.5849999999999795]
prisma mas cercano: PrismInfo[id=49, x=34.4, y=-0.2, angle=89.415]
Lista de IDs: [43, 44, 66, 45, 52, 35, 49]
nuevo angulo: 90.0
------------------------------------   nuevo prisma   -----------------------------------
estado del Laser: LaserInfo[x=34.4, y=-0.2, angle=90.0]
prisma mas cercano: PrismInfo[id=13, x=34.4, y=7.0, angle=90.0]
Lista de IDs: [43, 44, 66, 45, 52, 35, 49, 13]
nuevo angulo: 180.0
------------------------------------   nuevo prisma   -----------------------------------
estado del Laser: LaserInfo[x=34.4, y=7.0, angle=180.0]
prisma mas cercano: PrismInfo[id=3, x=22.4, y=7.0, angle=-91.685]
Lista de IDs: [43, 44, 66, 45, 52, 35, 49, 13, 3]
nuevo angulo: 88.315
------------------------------------   nuevo prisma   -----------------------------------
estado del Laser: LaserInfo[x=22.4, y=7.0, angle=88.315]
prisma mas cercano: PrismInfo[id=69, x=22.8, y=20.6, angle=-88.315]
Lista de IDs: [43, 44, 66, 45, 52, 35, 49, 13, 3, 69]
nuevo angulo: 0.0
------------------------------------   nuevo prisma   -----------------------------------
estado del Laser: LaserInfo[x=22.8, y=20.6, angle=0.0]
prisma mas cercano: PrismInfo[id=46, x=37.4, y=20.6, angle=-88.332]
Lista de IDs: [43, 44, 66, 45, 52, 35, 49, 13, 3, 69, 46]
nuevo angulo: 271.668
------------------------------------   nuevo prisma   -----------------------------------
estado del Laser: LaserInfo[x=37.4, y=20.6, angle=271.668]
prisma mas cercano: PrismInfo[id=28, x=38.0, y=0.0, angle=86.863]
Lista de IDs: [43, 44, 66, 45, 52, 35, 49, 13, 3, 69, 46, 28]
nuevo angulo: 358.53099999999995
------------------------------------   nuevo prisma   -----------------------------------
estado del Laser: LaserInfo[x=38.0, y=0.0, angle=358.53099999999995]
prisma mas cercano: PrismInfo[id=20, x=45.8, y=-0.2, angle=1.469]
Lista de IDs: [43, 44, 66, 45, 52, 35, 49, 13, 3, 69, 46, 28, 20]
nuevo angulo: 0.0
------------------------------------   nuevo prisma   -----------------------------------
estado del Laser: LaserInfo[x=45.8, y=-0.2, angle=0.0]
prisma mas cercano: PrismInfo[id=11, x=64.4, y=-0.2, angle=92.353]
Lista de IDs: [43, 44, 66, 45, 52, 35, 49, 13, 3, 69, 46, 28, 20, 11]
nuevo angulo: 92.35300000000001
------------------------------------   nuevo prisma   -----------------------------------
estado del Laser: LaserInfo[x=64.4, y=-0.2, angle=92.35300000000001]
prisma mas cercano: PrismInfo[id=24, x=63.8, y=14.4, angle=86.586]
Lista de IDs: [43, 44, 66, 45, 52, 35, 49, 13, 3, 69, 46, 28, 20, 11, 24]
nuevo angulo: 178.93900000000008
------------------------------------   nuevo prisma   -----------------------------------
estado del Laser: LaserInfo[x=63.8, y=14.4, angle=178.93900000000008]
prisma mas cercano: PrismInfo[id=38, x=53.0, y=14.6, angle=-90.848]
Lista de IDs: [43, 44, 66, 45, 52, 35, 49, 13, 3, 69, 46, 28, 20, 11, 24, 38]
nuevo angulo: 88.09100000000007
------------------------------------   nuevo prisma   -----------------------------------
estado del Laser: LaserInfo[x=53.0, y=14.6, angle=88.09100000000007]
prisma mas cercano: PrismInfo[id=19, x=53.2, y=20.6, angle=-87.181]
Lista de IDs: [43, 44, 66, 45, 52, 35, 49, 13, 3, 69, 46, 28, 20, 11, 24, 38, 19]
nuevo angulo: 0.9100000000000819
------------------------------------   nuevo prisma   -----------------------------------
estado del Laser: LaserInfo[x=53.2, y=20.6, angle=0.9100000000000819]
prisma mas cercano: PrismInfo[id=42, x=65.8, y=20.8, angle=-85.867]
Lista de IDs: [43, 44, 66, 45, 52, 35, 49, 13, 3, 69, 46, 28, 20, 11, 24, 38, 19, 42]
nuevo angulo: 275.04300000000006
------------------------------------   nuevo prisma   -----------------------------------
estado del Laser: LaserInfo[x=65.8, y=20.8, angle=275.04300000000006]
prisma mas cercano: PrismInfo[id=15, x=67.6, y=0.4, angle=84.958]
Lista de IDs: [43, 44, 66, 45, 52, 35, 49, 13, 3, 69, 46, 28, 20, 11, 24, 38, 19, 42, 15]
nuevo angulo: 0.00100000000009004
------------------------------------   nuevo prisma   -----------------------------------
estado del Laser: LaserInfo[x=67.6, y=0.4, angle=0.00100000000009004]
prisma mas cercano: PrismInfo[id=10, x=74.4, y=0.4, angle=90.939]
Lista de IDs: [43, 44, 66, 45, 52, 35, 49, 13, 3, 69, 46, 28, 20, 11, 24, 38, 19, 42, 15, 10]
nuevo angulo: 90.94000000000005
------------------------------------   nuevo prisma   -----------------------------------
estado del Laser: LaserInfo[x=74.4, y=0.4, angle=90.94000000000005]
prisma mas cercano: PrismInfo[id=63, x=74.2, y=12.6, angle=-138.429]
Lista de IDs: [43, 44, 66, 45, 52, 35, 49, 13, 3, 69, 46, 28, 20, 11, 24, 38, 19, 42, 15, 10, 63]
nuevo angulo: 312.5110000000001
------------------------------------   nuevo prisma   -----------------------------------
estado del Laser: LaserInfo[x=74.2, y=12.6, angle=312.5110000000001]
prisma mas cercano: PrismInfo[id=25, x=78.6, y=7.8, angle=98.562]
Lista de IDs: [43, 44, 66, 45, 52, 35, 49, 13, 3, 69, 46, 28, 20, 11, 24, 38, 19, 42, 15, 10, 63, 25]
nuevo angulo: 51.07300000000009
------------------------------------   nuevo prisma   -----------------------------------
estado del Laser: LaserInfo[x=78.6, y=7.8, angle=51.07300000000009]
prisma mas cercano: PrismInfo[id=59, x=82.8, y=13.0, angle=-140.177]
Lista de IDs: [43, 44, 66, 45, 52, 35, 49, 13, 3, 69, 46, 28, 20, 11, 24, 38, 19, 42, 15, 10, 63, 25, 59]
nuevo angulo: 270.8960000000001
------------------------------------   nuevo prisma   -----------------------------------
estado del Laser: LaserInfo[x=82.8, y=13.0, angle=270.8960000000001]
prisma mas cercano: PrismInfo[id=1, x=83.0, y=0.2, angle=89.105]
Lista de IDs: [43, 44, 66, 45, 52, 35, 49, 13, 3, 69, 46, 28, 20, 11, 24, 38, 19, 42, 15, 10, 63, 25, 59, 1]
nuevo angulo: 0.00100000000009004
------------------------------------   nuevo prisma   -----------------------------------
estado del Laser: LaserInfo[x=83.0, y=0.2, angle=0.00100000000009004]
prisma mas cercano: PrismInfo[id=6, x=90.0, y=0.2, angle=90.415]
Lista de IDs: [43, 44, 66, 45, 52, 35, 49, 13, 3, 69, 46, 28, 20, 11, 24, 38, 19, 42, 15, 10, 63, 25, 59, 1, 6]
nuevo angulo: 90.41600000000011
------------------------------------   nuevo prisma   -----------------------------------
estado del Laser: LaserInfo[x=90.0, y=0.2, angle=90.41600000000011]
prisma mas cercano: PrismInfo[id=2, x=89.8, y=27.8, angle=91.176]
Lista de IDs: [43, 44, 66, 45, 52, 35, 49, 13, 3, 69, 46, 28, 20, 11, 24, 38, 19, 42, 15, 10, 63, 25, 59, 1, 6, 2]
nuevo angulo: 181.5920000000001
------------------------------------   nuevo prisma   -----------------------------------
estado del Laser: LaserInfo[x=89.8, y=27.8, angle=181.5920000000001]
prisma mas cercano: PrismInfo[id=4, x=82.6, y=27.6, angle=71.127]
Lista de IDs: [43, 44, 66, 45, 52, 35, 49, 13, 3, 69, 46, 28, 20, 11, 24, 38, 19, 42, 15, 10, 63, 25, 59, 1, 6, 2, 4]
nuevo angulo: 252.71900000000005
------------------------------------   nuevo prisma   -----------------------------------
estado del Laser: LaserInfo[x=82.6, y=27.6, angle=252.71900000000005]
prisma mas cercano: PrismInfo[id=67, x=79.8, y=18.6, angle=-136.643]
Lista de IDs: [43, 44, 66, 45, 52, 35, 49, 13, 3, 69, 46, 28, 20, 11, 24, 38, 19, 42, 15, 10, 63, 25, 59, 1, 6, 2, 4, 67]
nuevo angulo: 116.07600000000002
------------------------------------   nuevo prisma   -----------------------------------
estado del Laser: LaserInfo[x=79.8, y=18.6, angle=116.07600000000002]
prisma mas cercano: PrismInfo[id=22, x=75.2, y=28.0, angle=63.515]
Lista de IDs: [43, 44, 66, 45, 52, 35, 49, 13, 3, 69, 46, 28, 20, 11, 24, 38, 19, 42, 15, 10, 63, 25, 59, 1, 6, 2, 4, 67, 22]
nuevo angulo: 179.591
------------------------------------   nuevo prisma   -----------------------------------
estado del Laser: LaserInfo[x=75.2, y=28.0, angle=179.591]
prisma mas cercano: PrismInfo[id=29, x=47.2, y=28.2, angle=92.954]
Lista de IDs: [43, 44, 66, 45, 52, 35, 49, 13, 3, 69, 46, 28, 20, 11, 24, 38, 19, 42, 15, 10, 63, 25, 59, 1, 6, 2, 4, 67, 22, 29]
nuevo angulo: 272.5450000000001
------------------------------------   nuevo prisma   -----------------------------------
estado del Laser: LaserInfo[x=47.2, y=28.2, angle=272.5450000000001]
prisma mas cercano: PrismInfo[id=65, x=48.0, y=10.2, angle=87.455]
Lista de IDs: [43, 44, 66, 45, 52, 35, 49, 13, 3, 69, 46, 28, 20, 11, 24, 38, 19, 42, 15, 10, 63, 25, 59, 1, 6, 2, 4, 67, 22, 29, 65]
nuevo angulo: 5.684341886080802E-14
------------------------------------   nuevo prisma   -----------------------------------
estado del Laser: LaserInfo[x=48.0, y=10.2, angle=5.684341886080802E-14]
prisma mas cercano: PrismInfo[id=64, x=59.2, y=10.2, angle=-92.203]
Lista de IDs: [43, 44, 66, 45, 52, 35, 49, 13, 3, 69, 46, 28, 20, 11, 24, 38, 19, 42, 15, 10, 63, 25, 59, 1, 6, 2, 4, 67, 22, 29, 65, 64]
nuevo angulo: 267.797
------------------------------------   nuevo prisma   -----------------------------------
estado del Laser: LaserInfo[x=59.2, y=10.2, angle=267.797]
prisma mas cercano: PrismInfo[id=12, x=59.0, y=5.0, angle=-91.164]
Lista de IDs: [43, 44, 66, 45, 52, 35, 49, 13, 3, 69, 46, 28, 20, 11, 24, 38, 19, 42, 15, 10, 63, 25, 59, 1, 6, 2, 4, 67, 22, 29, 65, 64, 12]
nuevo angulo: 176.63300000000004
------------------------------------   nuevo prisma   -----------------------------------
estado del Laser: LaserInfo[x=59.0, y=5.0, angle=176.63300000000004]
prisma mas cercano: PrismInfo[id=47, x=45.4, y=5.8, angle=-82.992]
Lista de IDs: [43, 44, 66, 45, 52, 35, 49, 13, 3, 69, 46, 28, 20, 11, 24, 38, 19, 42, 15, 10, 63, 25, 59, 1, 6, 2, 4, 67, 22, 29, 65, 64, 12, 47]
nuevo angulo: 93.64100000000002
------------------------------------   nuevo prisma   -----------------------------------
estado del Laser: LaserInfo[x=45.4, y=5.8, angle=93.64100000000002]
prisma mas cercano: PrismInfo[id=54, x=44.0, y=27.8, angle=85.969]
Lista de IDs: [43, 44, 66, 45, 52, 35, 49, 13, 3, 69, 46, 28, 20, 11, 24, 38, 19, 42, 15, 10, 63, 25, 59, 1, 6, 2, 4, 67, 22, 29, 65, 64, 12, 47, 54]
nuevo angulo: 179.61
------------------------------------   nuevo prisma   -----------------------------------
estado del Laser: LaserInfo[x=44.0, y=27.8, angle=179.61]
prisma mas cercano: PrismInfo[id=68, x=14.6, y=28.0, angle=-29.867]
Lista de IDs: [43, 44, 66, 45, 52, 35, 49, 13, 3, 69, 46, 28, 20, 11, 24, 38, 19, 42, 15, 10, 63, 25, 59, 1, 6, 2, 4, 67, 22, 29, 65, 64, 12, 47, 54, 68]
nuevo angulo: 149.74300000000005
------------------------------------   nuevo prisma   -----------------------------------
estado del Laser: LaserInfo[x=14.6, y=28.0, angle=149.74300000000005]
prisma mas cercano: PrismInfo[id=23, x=9.8, y=30.8, angle=30.829]
Lista de IDs: [43, 44, 66, 45, 52, 35, 49, 13, 3, 69, 46, 28, 20, 11, 24, 38, 19, 42, 15, 10, 63, 25, 59, 1, 6, 2, 4, 67, 22, 29, 65, 64, 12, 47, 54, 68, 23]
nuevo angulo: 180.57200000000012
------------------------------------   nuevo prisma   -----------------------------------
estado del Laser: LaserInfo[x=9.8, y=30.8, angle=180.57200000000012]
prisma mas cercano: PrismInfo[id=75, x=-10.2, y=30.6, angle=-1.108]
Lista de IDs: [43, 44, 66, 45, 52, 35, 49, 13, 3, 69, 46, 28, 20, 11, 24, 38, 19, 42, 15, 10, 63, 25, 59, 1, 6, 2, 4, 67, 22, 29, 65, 64, 12, 47, 54, 68, 23, 75]
nuevo angulo: 179.46400000000017
------------------------------------   nuevo prisma   -----------------------------------
estado del Laser: LaserInfo[x=-10.2, y=30.6, angle=179.46400000000017]
prisma mas cercano: PrismInfo[id=8, x=-31.6, y=30.8, angle=0.535]
Lista de IDs: [43, 44, 66, 45, 52, 35, 49, 13, 3, 69, 46, 28, 20, 11, 24, 38, 19, 42, 15, 10, 63, 25, 59, 1, 6, 2, 4, 67, 22, 29, 65, 64, 12, 47, 54, 68, 23, 75, 8]
nuevo angulo: 179.99900000000014
------------------------------------   nuevo prisma   -----------------------------------
estado del Laser: LaserInfo[x=-31.6, y=30.8, angle=179.99900000000014]
prisma mas cercano: PrismInfo[id=26, x=-39.8, y=30.8, angle=61.113]
Lista de IDs: [43, 44, 66, 45, 52, 35, 49, 13, 3, 69, 46, 28, 20, 11, 24, 38, 19, 42, 15, 10, 63, 25, 59, 1, 6, 2, 4, 67, 22, 29, 65, 64, 12, 47, 54, 68, 23, 75, 8, 26]
nuevo angulo: 241.11200000000008
------------------------------------   nuevo prisma   -----------------------------------
estado del Laser: LaserInfo[x=-39.8, y=30.8, angle=241.11200000000008]
prisma mas cercano: PrismInfo[id=18, x=-46.2, y=19.2, angle=-128.362]
Lista de IDs: [43, 44, 66, 45, 52, 35, 49, 13, 3, 69, 46, 28, 20, 11, 24, 38, 19, 42, 15, 10, 63, 25, 59, 1, 6, 2, 4, 67, 22, 29, 65, 64, 12, 47, 54, 68, 23, 75, 8, 26, 18]
nuevo angulo: 112.75000000000011
------------------------------------   nuevo prisma   -----------------------------------
estado del Laser: LaserInfo[x=-46.2, y=19.2, angle=112.75000000000011]
prisma mas cercano: PrismInfo[id=9, x=-51.4, y=31.6, angle=67.249]
Lista de IDs: [43, 44, 66, 45, 52, 35, 49, 13, 3, 69, 46, 28, 20, 11, 24, 38, 19, 42, 15, 10, 63, 25, 59, 1, 6, 2, 4, 67, 22, 29, 65, 64, 12, 47, 54, 68, 23, 75, 8, 26, 18, 9]
nuevo angulo: 179.99900000000014
------------------------------------   nuevo prisma   -----------------------------------
estado del Laser: LaserInfo[x=-51.4, y=31.6, angle=179.99900000000014]
prisma mas cercano: PrismInfo[id=60, x=-58.8, y=31.6, angle=115.56]
Lista de IDs: [43, 44, 66, 45, 52, 35, 49, 13, 3, 69, 46, 28, 20, 11, 24, 38, 19, 42, 15, 10, 63, 25, 59, 1, 6, 2, 4, 67, 22, 29, 65, 64, 12, 47, 54, 68, 23, 75, 8, 26, 18, 9, 60]
nuevo angulo: 295.5590000000002
------------------------------------   nuevo prisma   -----------------------------------
estado del Laser: LaserInfo[x=-58.8, y=31.6, angle=295.5590000000002]
prisma mas cercano: PrismInfo[id=17, x=-52.2, y=17.8, angle=-52.938]
Lista de IDs: [43, 44, 66, 45, 52, 35, 49, 13, 3, 69, 46, 28, 20, 11, 24, 38, 19, 42, 15, 10, 63, 25, 59, 1, 6, 2, 4, 67, 22, 29, 65, 64, 12, 47, 54, 68, 23, 75, 8, 26, 18, 9, 60, 17]
nuevo angulo: 242.6210000000002
------------------------------------   nuevo prisma   -----------------------------------
estado del Laser: LaserInfo[x=-52.2, y=17.8, angle=242.6210000000002]
prisma mas cercano: PrismInfo[id=31, x=-58.0, y=6.6, angle=-61.837]
Lista de IDs: [43, 44, 66, 45, 52, 35, 49, 13, 3, 69, 46, 28, 20, 11, 24, 38, 19, 42, 15, 10, 63, 25, 59, 1, 6, 2, 4, 67, 22, 29, 65, 64, 12, 47, 54, 68, 23, 75, 8, 26, 18, 9, 60, 17, 31]
nuevo angulo: 180.78400000000022
------------------------------------   nuevo prisma   -----------------------------------
estado del Laser: LaserInfo[x=-58.0, y=6.6, angle=180.78400000000022]
prisma mas cercano: PrismInfo[id=7, x=-72.6, y=6.4, angle=-89.148]
Lista de IDs: [43, 44, 66, 45, 52, 35, 49, 13, 3, 69, 46, 28, 20, 11, 24, 38, 19, 42, 15, 10, 63, 25, 59, 1, 6, 2, 4, 67, 22, 29, 65, 64, 12, 47, 54, 68, 23, 75, 8, 26, 18, 9, 60, 17, 31, 7]
nuevo angulo: 91.6360000000002
------------------------------------   nuevo prisma   -----------------------------------
estado del Laser: LaserInfo[x=-72.6, y=6.4, angle=91.6360000000002]
prisma mas cercano: PrismInfo[id=70, x=-72.8, y=13.4, angle=-87.238]
Lista de IDs: [43, 44, 66, 45, 52, 35, 49, 13, 3, 69, 46, 28, 20, 11, 24, 38, 19, 42, 15, 10, 63, 25, 59, 1, 6, 2, 4, 67, 22, 29, 65, 64, 12, 47, 54, 68, 23, 75, 8, 26, 18, 9, 60, 17, 31, 7, 70]
nuevo angulo: 4.398000000000195
------------------------------------   nuevo prisma   -----------------------------------
estado del Laser: LaserInfo[x=-72.8, y=13.4, angle=4.398000000000195]
prisma mas cercano: PrismInfo[id=40, x=-65.0, y=14.0, angle=87.109]
Lista de IDs: [43, 44, 66, 45, 52, 35, 49, 13, 3, 69, 46, 28, 20, 11, 24, 38, 19, 42, 15, 10, 63, 25, 59, 1, 6, 2, 4, 67, 22, 29, 65, 64, 12, 47, 54, 68, 23, 75, 8, 26, 18, 9, 60, 17, 31, 7, 70, 40]
nuevo angulo: 91.50700000000018
------------------------------------   nuevo prisma   -----------------------------------
estado del Laser: LaserInfo[x=-65.0, y=14.0, angle=91.50700000000018]
prisma mas cercano: PrismInfo[id=5, x=-65.2, y=21.6, angle=93.128]
Lista de IDs: [43, 44, 66, 45, 52, 35, 49, 13, 3, 69, 46, 28, 20, 11, 24, 38, 19, 42, 15, 10, 63, 25, 59, 1, 6, 2, 4, 67, 22, 29, 65, 64, 12, 47, 54, 68, 23, 75, 8, 26, 18, 9, 60, 17, 31, 7, 70, 40, 5]
nuevo angulo: 184.63500000000022
------------------------------------   nuevo prisma   -----------------------------------
estado del Laser: LaserInfo[x=-65.2, y=21.6, angle=184.63500000000022]
prisma mas cercano: PrismInfo[id=51, x=-72.6, y=21.0, angle=-100.976]
Lista de IDs: [43, 44, 66, 45, 52, 35, 49, 13, 3, 69, 46, 28, 20, 11, 24, 38, 19, 42, 15, 10, 63, 25, 59, 1, 6, 2, 4, 67, 22, 29, 65, 64, 12, 47, 54, 68, 23, 75, 8, 26, 18, 9, 60, 17, 31, 7, 70, 40, 5, 51]
nuevo angulo: 83.65900000000022
------------------------------------   nuevo prisma   -----------------------------------
estado del Laser: LaserInfo[x=-72.6, y=21.0, angle=83.65900000000022]
prisma mas cercano: PrismInfo[id=61, x=-72.0, y=26.4, angle=-83.66]
Lista de IDs: [43, 44, 66, 45, 52, 35, 49, 13, 3, 69, 46, 28, 20, 11, 24, 38, 19, 42, 15, 10, 63, 25, 59, 1, 6, 2, 4, 67, 22, 29, 65, 64, 12, 47, 54, 68, 23, 75, 8, 26, 18, 9, 60, 17, 31, 7, 70, 40, 5, 51, 61]
nuevo angulo: 359.99900000000025
------------------------------------   nuevo prisma   -----------------------------------
estado del Laser: LaserInfo[x=-72.0, y=26.4, angle=359.99900000000025]
prisma mas cercano: PrismInfo[id=55, x=-61.4, y=26.4, angle=94.086]
Lista de IDs: [43, 44, 66, 45, 52, 35, 49, 13, 3, 69, 46, 28, 20, 11, 24, 38, 19, 42, 15, 10, 63, 25, 59, 1, 6, 2, 4, 67, 22, 29, 65, 64, 12, 47, 54, 68, 23, 75, 8, 26, 18, 9, 60, 17, 31, 7, 70, 40, 5, 51, 61, 55]
nuevo angulo: 94.08500000000026
------------------------------------   nuevo prisma   -----------------------------------
estado del Laser: LaserInfo[x=-61.4, y=26.4, angle=94.08500000000026]
prisma mas cercano: PrismInfo[id=57, x=-61.8, y=32.0, angle=84.627]
Lista de IDs: [43, 44, 66, 45, 52, 35, 49, 13, 3, 69, 46, 28, 20, 11, 24, 38, 19, 42, 15, 10, 63, 25, 59, 1, 6, 2, 4, 67, 22, 29, 65, 64, 12, 47, 54, 68, 23, 75, 8, 26, 18, 9, 60, 17, 31, 7, 70, 40, 5, 51, 61, 55, 57]
nuevo angulo: 178.71200000000022
------------------------------------   nuevo prisma   -----------------------------------
estado del Laser: LaserInfo[x=-61.8, y=32.0, angle=178.71200000000022]
prisma mas cercano: PrismInfo[id=14, x=-79.6, y=32.4, angle=92.342]
Lista de IDs: [43, 44, 66, 45, 52, 35, 49, 13, 3, 69, 46, 28, 20, 11, 24, 38, 19, 42, 15, 10, 63, 25, 59, 1, 6, 2, 4, 67, 22, 29, 65, 64, 12, 47, 54, 68, 23, 75, 8, 26, 18, 9, 60, 17, 31, 7, 70, 40, 5, 51, 61, 55, 57, 14]
nuevo angulo: 271.0540000000002
------------------------------------   nuevo prisma   -----------------------------------
estado del Laser: LaserInfo[x=-79.6, y=32.4, angle=271.0540000000002]
prisma mas cercano: PrismInfo[id=58, x=-79.0, y=-0.2, angle=89.481]
Lista de IDs: [43, 44, 66, 45, 52, 35, 49, 13, 3, 69, 46, 28, 20, 11, 24, 38, 19, 42, 15, 10, 63, 25, 59, 1, 6, 2, 4, 67, 22, 29, 65, 64, 12, 47, 54, 68, 23, 75, 8, 26, 18, 9, 60, 17, 31, 7, 70, 40, 5, 51, 61, 55, 57, 14, 58]
nuevo angulo: 0.5350000000001955
------------------------------------   nuevo prisma   -----------------------------------
estado del Laser: LaserInfo[x=-79.0, y=-0.2, angle=0.5350000000001955]
prisma mas cercano: PrismInfo[id=76, x=-57.6, y=0.0, angle=1.2]
Lista de IDs: [43, 44, 66, 45, 52, 35, 49, 13, 3, 69, 46, 28, 20, 11, 24, 38, 19, 42, 15, 10, 63, 25, 59, 1, 6, 2, 4, 67, 22, 29, 65, 64, 12, 47, 54, 68, 23, 75, 8, 26, 18, 9, 60, 17, 31, 7, 70, 40, 5, 51, 61, 55, 57, 14, 58, 76]
nuevo angulo: 1.7350000000001842
------------------------------------   nuevo prisma   -----------------------------------
estado del Laser: LaserInfo[x=-57.6, y=0.0, angle=1.7350000000001842]
prisma mas cercano: PrismInfo[id=56, x=-51.0, y=0.2, angle=70.445]
Lista de IDs: [43, 44, 66, 45, 52, 35, 49, 13, 3, 69, 46, 28, 20, 11, 24, 38, 19, 42, 15, 10, 63, 25, 59, 1, 6, 2, 4, 67, 22, 29, 65, 64, 12, 47, 54, 68, 23, 75, 8, 26, 18, 9, 60, 17, 31, 7, 70, 40, 5, 51, 61, 55, 57, 14, 58, 76, 56]
nuevo angulo: 72.18000000000018
------------------------------------   nuevo prisma   -----------------------------------
estado del Laser: LaserInfo[x=-51.0, y=0.2, angle=72.18000000000018]
prisma mas cercano: PrismInfo[id=16, x=-47.4, y=11.4, angle=-136.02]
Lista de IDs: [43, 44, 66, 45, 52, 35, 49, 13, 3, 69, 46, 28, 20, 11, 24, 38, 19, 42, 15, 10, 63, 25, 59, 1, 6, 2, 4, 67, 22, 29, 65, 64, 12, 47, 54, 68, 23, 75, 8, 26, 18, 9, 60, 17, 31, 7, 70, 40, 5, 51, 61, 55, 57, 14, 58, 76, 56, 16]
nuevo angulo: 296.1600000000002
------------------------------------   nuevo prisma   -----------------------------------
estado del Laser: LaserInfo[x=-47.4, y=11.4, angle=296.1600000000002]
prisma mas cercano: PrismInfo[id=21, x=-41.8, y=0.0, angle=68.352]
Lista de IDs: [43, 44, 66, 45, 52, 35, 49, 13, 3, 69, 46, 28, 20, 11, 24, 38, 19, 42, 15, 10, 63, 25, 59, 1, 6, 2, 4, 67, 22, 29, 65, 64, 12, 47, 54, 68, 23, 75, 8, 26, 18, 9, 60, 17, 31, 7, 70, 40, 5, 51, 61, 55, 57, 14, 58, 76, 56, 16, 21]
nuevo angulo: 4.512000000000171
------------------------------------   nuevo prisma   -----------------------------------
estado del Laser: LaserInfo[x=-41.8, y=0.0, angle=4.512000000000171]
prisma mas cercano: PrismInfo[id=30, x=-34.2, y=0.6, angle=111.33]
Lista de IDs: [43, 44, 66, 45, 52, 35, 49, 13, 3, 69, 46, 28, 20, 11, 24, 38, 19, 42, 15, 10, 63, 25, 59, 1, 6, 2, 4, 67, 22, 29, 65, 64, 12, 47, 54, 68, 23, 75, 8, 26, 18, 9, 60, 17, 31, 7, 70, 40, 5, 51, 61, 55, 57, 14, 58, 76, 56, 16, 21, 30]
nuevo angulo: 115.84200000000016
------------------------------------   nuevo prisma   -----------------------------------
estado del Laser: LaserInfo[x=-34.2, y=0.6, angle=115.84200000000016]
prisma mas cercano: PrismInfo[id=73, x=-40.4, y=13.4, angle=-62.229]
Lista de IDs: [43, 44, 66, 45, 52, 35, 49, 13, 3, 69, 46, 28, 20, 11, 24, 38, 19, 42, 15, 10, 63, 25, 59, 1, 6, 2, 4, 67, 22, 29, 65, 64, 12, 47, 54, 68, 23, 75, 8, 26, 18, 9, 60, 17, 31, 7, 70, 40, 5, 51, 61, 55, 57, 14, 58, 76, 56, 16, 21, 30, 73]
nuevo angulo: 53.61300000000017
------------------------------------   nuevo prisma   -----------------------------------
estado del Laser: LaserInfo[x=-40.4, y=13.4, angle=53.61300000000017]
prisma mas cercano: PrismInfo[id=62, x=-32.0, y=24.8, angle=-140.8]
Lista de IDs: [43, 44, 66, 45, 52, 35, 49, 13, 3, 69, 46, 28, 20, 11, 24, 38, 19, 42, 15, 10, 63, 25, 59, 1, 6, 2, 4, 67, 22, 29, 65, 64, 12, 47, 54, 68, 23, 75, 8, 26, 18, 9, 60, 17, 31, 7, 70, 40, 5, 51, 61, 55, 57, 14, 58, 76, 56, 16, 21, 30, 73, 62]
nuevo angulo: 272.81300000000016
------------------------------------   nuevo prisma   -----------------------------------
estado del Laser: LaserInfo[x=-32.0, y=24.8, angle=272.81300000000016]
prisma mas cercano: PrismInfo[id=74, x=-30.8, y=0.4, angle=85.966]
Lista de IDs: [43, 44, 66, 45, 52, 35, 49, 13, 3, 69, 46, 28, 20, 11, 24, 38, 19, 42, 15, 10, 63, 25, 59, 1, 6, 2, 4, 67, 22, 29, 65, 64, 12, 47, 54, 68, 23, 75, 8, 26, 18, 9, 60, 17, 31, 7, 70, 40, 5, 51, 61, 55, 57, 14, 58, 76, 56, 16, 21, 30, 73, 62, 74]
nuevo angulo: 358.7790000000002
------------------------------------   nuevo prisma   -----------------------------------
estado del Laser: LaserInfo[x=-30.8, y=0.4, angle=358.7790000000002]
prisma mas cercano: PrismInfo[id=41, x=-12.0, y=0.0, angle=91.219]
Lista de IDs: [43, 44, 66, 45, 52, 35, 49, 13, 3, 69, 46, 28, 20, 11, 24, 38, 19, 42, 15, 10, 63, 25, 59, 1, 6, 2, 4, 67, 22, 29, 65, 64, 12, 47, 54, 68, 23, 75, 8, 26, 18, 9, 60, 17, 31, 7, 70, 40, 5, 51, 61, 55, 57, 14, 58, 76, 56, 16, 21, 30, 73, 62, 74, 41]
nuevo angulo: 89.99800000000022
------------------------------------   nuevo prisma   -----------------------------------
estado del Laser: LaserInfo[x=-12.0, y=0.0, angle=89.99800000000022]
prisma mas cercano: PrismInfo[id=39, x=-12.0, y=8.2, angle=90.0]
Lista de IDs: [43, 44, 66, 45, 52, 35, 49, 13, 3, 69, 46, 28, 20, 11, 24, 38, 19, 42, 15, 10, 63, 25, 59, 1, 6, 2, 4, 67, 22, 29, 65, 64, 12, 47, 54, 68, 23, 75, 8, 26, 18, 9, 60, 17, 31, 7, 70, 40, 5, 51, 61, 55, 57, 14, 58, 76, 56, 16, 21, 30, 73, 62, 74, 41, 39]
nuevo angulo: 179.99800000000027
------------------------------------   nuevo prisma   -----------------------------------
estado del Laser: LaserInfo[x=-12.0, y=8.2, angle=179.99800000000027]
prisma mas cercano: PrismInfo[id=36, x=-24.2, y=8.2, angle=-90.0]
Lista de IDs: [43, 44, 66, 45, 52, 35, 49, 13, 3, 69, 46, 28, 20, 11, 24, 38, 19, 42, 15, 10, 63, 25, 59, 1, 6, 2, 4, 67, 22, 29, 65, 64, 12, 47, 54, 68, 23, 75, 8, 26, 18, 9, 60, 17, 31, 7, 70, 40, 5, 51, 61, 55, 57, 14, 58, 76, 56, 16, 21, 30, 73, 62, 74, 41, 39, 36]
nuevo angulo: 89.99800000000027
------------------------------------   nuevo prisma   -----------------------------------
estado del Laser: LaserInfo[x=-24.2, y=8.2, angle=89.99800000000027]
prisma mas cercano: PrismInfo[id=50, x=-24.2, y=12.8, angle=-86.987]
Lista de IDs: [43, 44, 66, 45, 52, 35, 49, 13, 3, 69, 46, 28, 20, 11, 24, 38, 19, 42, 15, 10, 63, 25, 59, 1, 6, 2, 4, 67, 22, 29, 65, 64, 12, 47, 54, 68, 23, 75, 8, 26, 18, 9, 60, 17, 31, 7, 70, 40, 5, 51, 61, 55, 57, 14, 58, 76, 56, 16, 21, 30, 73, 62, 74, 41, 39, 36, 50]
nuevo angulo: 3.0110000000003083
------------------------------------   nuevo prisma   -----------------------------------
estado del Laser: LaserInfo[x=-24.2, y=12.8, angle=3.0110000000003083]
prisma mas cercano: PrismInfo[id=37, x=-16.6, y=13.2, angle=84.785]
Lista de IDs: [43, 44, 66, 45, 52, 35, 49, 13, 3, 69, 46, 28, 20, 11, 24, 38, 19, 42, 15, 10, 63, 25, 59, 1, 6, 2, 4, 67, 22, 29, 65, 64, 12, 47, 54, 68, 23, 75, 8, 26, 18, 9, 60, 17, 31, 7, 70, 40, 5, 51, 61, 55, 57, 14, 58, 76, 56, 16, 21, 30, 73, 62, 74, 41, 39, 36, 50, 37]
nuevo angulo: 87.79600000000028
------------------------------------   nuevo prisma   -----------------------------------
estado del Laser: LaserInfo[x=-16.6, y=13.2, angle=87.79600000000028]
prisma mas cercano: PrismInfo[id=33, x=-16.4, y=18.4, angle=90.734]
Lista de IDs: [43, 44, 66, 45, 52, 35, 49, 13, 3, 69, 46, 28, 20, 11, 24, 38, 19, 42, 15, 10, 63, 25, 59, 1, 6, 2, 4, 67, 22, 29, 65, 64, 12, 47, 54, 68, 23, 75, 8, 26, 18, 9, 60, 17, 31, 7, 70, 40, 5, 51, 61, 55, 57, 14, 58, 76, 56, 16, 21, 30, 73, 62, 74, 41, 39, 36, 50, 37, 33]
nuevo angulo: 178.5300000000002
------------------------------------   nuevo prisma   -----------------------------------
estado del Laser: LaserInfo[x=-16.4, y=18.4, angle=178.5300000000002]
prisma mas cercano: PrismInfo[id=71, x=-24.2, y=18.6, angle=-88.531]
Lista de IDs: [43, 44, 66, 45, 52, 35, 49, 13, 3, 69, 46, 28, 20, 11, 24, 38, 19, 42, 15, 10, 63, 25, 59, 1, 6, 2, 4, 67, 22, 29, 65, 64, 12, 47, 54, 68, 23, 75, 8, 26, 18, 9, 60, 17, 31, 7, 70, 40, 5, 51, 61, 55, 57, 14, 58, 76, 56, 16, 21, 30, 73, 62, 74, 41, 39, 36, 50, 37, 33, 71]
nuevo angulo: 89.9990000000002
------------------------------------   nuevo prisma   -----------------------------------
estado del Laser: LaserInfo[x=-24.2, y=18.6, angle=89.9990000000002]
prisma mas cercano: PrismInfo[id=72, x=-24.2, y=23.4, angle=-90.774]
Lista de IDs: [43, 44, 66, 45, 52, 35, 49, 13, 3, 69, 46, 28, 20, 11, 24, 38, 19, 42, 15, 10, 63, 25, 59, 1, 6, 2, 4, 67, 22, 29, 65, 64, 12, 47, 54, 68, 23, 75, 8, 26, 18, 9, 60, 17, 31, 7, 70, 40, 5, 51, 61, 55, 57, 14, 58, 76, 56, 16, 21, 30, 73, 62, 74, 41, 39, 36, 50, 37, 33, 71, 72]
nuevo angulo: 359.2250000000002
------------------------------------   nuevo prisma   -----------------------------------
estado del Laser: LaserInfo[x=-24.2, y=23.4, angle=359.2250000000002]
prisma mas cercano: PrismInfo[id=34, x=-9.4, y=23.2, angle=-88.238]
Lista de IDs: [43, 44, 66, 45, 52, 35, 49, 13, 3, 69, 46, 28, 20, 11, 24, 38, 19, 42, 15, 10, 63, 25, 59, 1, 6, 2, 4, 67, 22, 29, 65, 64, 12, 47, 54, 68, 23, 75, 8, 26, 18, 9, 60, 17, 31, 7, 70, 40, 5, 51, 61, 55, 57, 14, 58, 76, 56, 16, 21, 30, 73, 62, 74, 41, 39, 36, 50, 37, 33, 71, 72, 34]
nuevo angulo: 270.9870000000002
------------------------------------   nuevo prisma   -----------------------------------
estado del Laser: LaserInfo[x=-9.4, y=23.2, angle=270.9870000000002]
prisma mas cercano: PrismInfo[id=32, x=-9.0, y=0.0, angle=91.615]
Lista de IDs: [43, 44, 66, 45, 52, 35, 49, 13, 3, 69, 46, 28, 20, 11, 24, 38, 19, 42, 15, 10, 63, 25, 59, 1, 6, 2, 4, 67, 22, 29, 65, 64, 12, 47, 54, 68, 23, 75, 8, 26, 18, 9, 60, 17, 31, 7, 70, 40, 5, 51, 61, 55, 57, 14, 58, 76, 56, 16, 21, 30, 73, 62, 74, 41, 39, 36, 50, 37, 33, 71, 72, 34, 32]
nuevo angulo: 2.602000000000203
------------------------------------   nuevo prisma   -----------------------------------
estado del Laser: LaserInfo[x=-9.0, y=0.0, angle=2.602000000000203]
prisma mas cercano: PrismInfo[id=27, x=-4.6, y=0.2, angle=87.397]
Lista de IDs: [43, 44, 66, 45, 52, 35, 49, 13, 3, 69, 46, 28, 20, 11, 24, 38, 19, 42, 15, 10, 63, 25, 59, 1, 6, 2, 4, 67, 22, 29, 65, 64, 12, 47, 54, 68, 23, 75, 8, 26, 18, 9, 60, 17, 31, 7, 70, 40, 5, 51, 61, 55, 57, 14, 58, 76, 56, 16, 21, 30, 73, 62, 74, 41, 39, 36, 50, 37, 33, 71, 72, 34, 32, 27]
nuevo angulo: 89.9990000000002
------------------------------------   nuevo prisma   -----------------------------------
estado del Laser: LaserInfo[x=-4.6, y=0.2, angle=89.9990000000002]
prisma mas cercano: PrismInfo[id=48, x=-4.6, y=10.0, angle=-161.222]
Lista de IDs: [43, 44, 66, 45, 52, 35, 49, 13, 3, 69, 46, 28, 20, 11, 24, 38, 19, 42, 15, 10, 63, 25, 59, 1, 6, 2, 4, 67, 22, 29, 65, 64, 12, 47, 54, 68, 23, 75, 8, 26, 18, 9, 60, 17, 31, 7, 70, 40, 5, 51, 61, 55, 57, 14, 58, 76, 56, 16, 21, 30, 73, 62, 74, 41, 39, 36, 50, 37, 33, 71, 72, 34, 32, 27, 48]
nuevo angulo: 288.77700000000016
------------------------------------   nuevo prisma   -----------------------------------
estado del Laser: LaserInfo[x=-4.6, y=10.0, angle=288.77700000000016]
prisma mas cercano: PrismInfo[id=53, x=-1.2, y=0.0, angle=0.0]
Lista de IDs: [43, 44, 66, 45, 52, 35, 49, 13, 3, 69, 46, 28, 20, 11, 24, 38, 19, 42, 15, 10, 63, 25, 59, 1, 6, 2, 4, 67, 22, 29, 65, 64, 12, 47, 54, 68, 23, 75, 8, 26, 18, 9, 60, 17, 31, 7, 70, 40, 5, 51, 61, 55, 57, 14, 58, 76, 56, 16, 21, 30, 73, 62, 74, 41, 39, 36, 50, 37, 33, 71, 72, 34, 32, 27, 48, 53]
nuevo angulo: 288.77700000000016
------------------------------------   nuevo prisma   -----------------------------------
estado del Laser: LaserInfo[x=-1.2, y=0.0, angle=288.77700000000016]
No hay coincidencias, terminando busqueda.
estado del Laser: LaserInfo[x=0.0, y=0.0, angle=0.0]
prisma mas cercano: PrismInfo[id=1, x=10.0, y=0.0, angle=-90.0]
Lista de IDs: [1]
nuevo angulo: 270.0
------------------------------------   nuevo prisma   -----------------------------------
estado del Laser: LaserInfo[x=10.0, y=0.0, angle=270.0]
prisma mas cercano: PrismInfo[id=2, x=10.0, y=-10.0, angle=0.0]
Lista de IDs: [1, 2]
nuevo angulo: 270.0
------------------------------------   nuevo prisma   -----------------------------------
estado del Laser: LaserInfo[x=10.0, y=-10.0, angle=270.0]
No hay coincidencias, terminando busqueda.
estado del Laser: LaserInfo[x=0.0, y=0.0, angle=0.0]
No hay coincidencias, terminando busqueda.
estado del Laser: LaserInfo[x=0.0, y=0.0, angle=0.0]
prisma mas cercano: PrismInfo[id=1, x=10.0, y=0.0, angle=0.0]
Lista de IDs: [1]
nuevo angulo: 0.0
------------------------------------   nuevo prisma   -----------------------------------
estado del Laser: LaserInfo[x=10.0, y=0.0, angle=0.0]
No hay coincidencias, terminando busqueda.
estado del Laser: LaserInfo[x=0.0, y=0.0, angle=0.0]
prisma mas cercano: PrismInfo[id=2, x=10.0, y=0.0, angle=0.0]
Lista de IDs: [2]
nuevo angulo: 0.0
------------------------------------   nuevo prisma   -----------------------------------
estado del Laser: LaserInfo[x=10.0, y=0.0, angle=0.0]
prisma mas cercano: PrismInfo[id=1, x=20.0, y=0.0, angle=-180.0]
Lista de IDs: [2, 1]
nuevo angulo: 180.0
------------------------------------   nuevo prisma   -----------------------------------
estado del Laser: LaserInfo[x=20.0, y=0.0, angle=180.0]
prisma mas cercano: PrismInfo[id=2, x=10.0, y=0.0, angle=0.0]
Lista de IDs: [2, 1, 2]
nuevo angulo: 180.0
------------------------------------   nuevo prisma   -----------------------------------
estado del Laser: LaserInfo[x=10.0, y=0.0, angle=180.0]
No hay coincidencias, terminando busqueda.
estado del Laser: LaserInfo[x=0.0, y=0.0, angle=90.0]
No hay coincidencias, terminando busqueda.
estado del Laser: LaserInfo[x=0.0, y=0.0, angle=-180.0]
No hay coincidencias, terminando busqueda.
estado del Laser: LaserInfo[x=0.0, y=0.0, angle=2340.0]
No hay coincidencias, terminando busqueda.
estado del Laser: LaserInfo[x=0.0, y=0.0, angle=180.0]
No hay coincidencias, terminando busqueda.
estado del Laser: LaserInfo[x=0.0, y=0.0, angle=-6.429]
prisma mas cercano: PrismInfo[id=7, x=14.2, y=-1.6, angle=19.081]
Lista de IDs: [7]
nuevo angulo: 12.651999999999987
------------------------------------   nuevo prisma   -----------------------------------
estado del Laser: LaserInfo[x=14.2, y=-1.6, angle=12.651999999999987]
prisma mas cercano: PrismInfo[id=30, x=24.0, y=0.6, angle=28.771]
Lista de IDs: [7, 30]
nuevo angulo: 41.423
------------------------------------   nuevo prisma   -----------------------------------
estado del Laser: LaserInfo[x=24.0, y=0.6, angle=41.423]
prisma mas cercano: PrismInfo[id=16, x=30.8, y=6.6, angle=35.852]
Lista de IDs: [7, 30, 16]
nuevo angulo: 77.27499999999998
------------------------------------   nuevo prisma   -----------------------------------
estado del Laser: LaserInfo[x=30.8, y=6.6, angle=77.27499999999998]
prisma mas cercano: PrismInfo[id=28, x=36.4, y=31.4, angle=-18.157]
Lista de IDs: [7, 30, 16, 28]
nuevo angulo: 59.117999999999995
------------------------------------   nuevo prisma   -----------------------------------
estado del Laser: LaserInfo[x=36.4, y=31.4, angle=59.117999999999995]
prisma mas cercano: PrismInfo[id=13, x=48.6, y=51.8, angle=45.812]
Lista de IDs: [7, 30, 16, 28, 13]
nuevo angulo: 104.93
------------------------------------   nuevo prisma   -----------------------------------
estado del Laser: LaserInfo[x=48.6, y=51.8, angle=104.93]
prisma mas cercano: PrismInfo[id=22, x=47.0, y=57.8, angle=54.745]
Lista de IDs: [7, 30, 16, 28, 13, 22]
nuevo angulo: 159.67499999999995
------------------------------------   nuevo prisma   -----------------------------------
estado del Laser: LaserInfo[x=47.0, y=57.8, angle=159.67499999999995]
prisma mas cercano: PrismInfo[id=23, x=41.6, y=59.8, angle=70.763]
Lista de IDs: [7, 30, 16, 28, 13, 22, 23]
nuevo angulo: 230.438
------------------------------------   nuevo prisma   -----------------------------------
estado del Laser: LaserInfo[x=41.6, y=59.8, angle=230.438]
prisma mas cercano: PrismInfo[id=10, x=37.8, y=55.2, angle=11.978]
Lista de IDs: [7, 30, 16, 28, 13, 22, 23, 10]
nuevo angulo: 242.41599999999994
------------------------------------   nuevo prisma   -----------------------------------
estado del Laser: LaserInfo[x=37.8, y=55.2, angle=242.41599999999994]
prisma mas cercano: PrismInfo[id=9, x=30.8, y=41.8, angle=-165.413]
Lista de IDs: [7, 30, 16, 28, 13, 22, 23, 10, 9]
nuevo angulo: 77.00299999999993
------------------------------------   nuevo prisma   -----------------------------------
estado del Laser: LaserInfo[x=30.8, y=41.8, angle=77.00299999999993]
prisma mas cercano: PrismInfo[id=24, x=36.2, y=65.2, angle=-0.304]
Lista de IDs: [7, 30, 16, 28, 13, 22, 23, 10, 9, 24]
nuevo angulo: 76.69899999999996
------------------------------------   nuevo prisma   -----------------------------------
estado del Laser: LaserInfo[x=36.2, y=65.2, angle=76.69899999999996]
prisma mas cercano: PrismInfo[id=25, x=38.8, y=76.2, angle=51.958]
Lista de IDs: [7, 30, 16, 28, 13, 22, 23, 10, 9, 24, 25]
nuevo angulo: 128.65699999999993
------------------------------------   nuevo prisma   -----------------------------------
estado del Laser: LaserInfo[x=38.8, y=76.2, angle=128.65699999999993]
prisma mas cercano: PrismInfo[id=38, x=36.4, y=79.2, angle=49.05]
Lista de IDs: [7, 30, 16, 28, 13, 22, 23, 10, 9, 24, 25, 38]
nuevo angulo: 177.70699999999988
------------------------------------   nuevo prisma   -----------------------------------
estado del Laser: LaserInfo[x=36.4, y=79.2, angle=177.70699999999988]
prisma mas cercano: PrismInfo[id=29, x=31.4, y=79.4, angle=61.327]
Lista de IDs: [7, 30, 16, 28, 13, 22, 23, 10, 9, 24, 25, 38, 29]
nuevo angulo: 239.03399999999988
------------------------------------   nuevo prisma   -----------------------------------
estado del Laser: LaserInfo[x=31.4, y=79.4, angle=239.03399999999988]
prisma mas cercano: PrismInfo[id=4, x=29.0, y=75.4, angle=17.016]
Lista de IDs: [7, 30, 16, 28, 13, 22, 23, 10, 9, 24, 25, 38, 29, 4]
nuevo angulo: 256.04999999999995
------------------------------------   nuevo prisma   -----------------------------------
estado del Laser: LaserInfo[x=29.0, y=75.4, angle=256.04999999999995]
prisma mas cercano: PrismInfo[id=35, x=21.4, y=44.8, angle=-171.579]
Lista de IDs: [7, 30, 16, 28, 13, 22, 23, 10, 9, 24, 25, 38, 29, 4, 35]
nuevo angulo: 84.47099999999995
------------------------------------   nuevo prisma   -----------------------------------
estado del Laser: LaserInfo[x=21.4, y=44.8, angle=84.47099999999995]
prisma mas cercano: PrismInfo[id=21, x=24.4, y=75.8, angle=20.783]
Lista de IDs: [7, 30, 16, 28, 13, 22, 23, 10, 9, 24, 25, 38, 29, 4, 35, 21]
nuevo angulo: 105.25399999999996
------------------------------------   nuevo prisma   -----------------------------------
estado del Laser: LaserInfo[x=24.4, y=75.8, angle=105.25399999999996]
prisma mas cercano: PrismInfo[id=5, x=23.2, y=80.2, angle=31.866]
Lista de IDs: [7, 30, 16, 28, 13, 22, 23, 10, 9, 24, 25, 38, 29, 4, 35, 21, 5]
nuevo angulo: 137.11999999999995
------------------------------------   nuevo prisma   -----------------------------------
estado del Laser: LaserInfo[x=23.2, y=80.2, angle=137.11999999999995]
prisma mas cercano: PrismInfo[id=20, x=20.4, y=82.8, angle=45.17]
Lista de IDs: [7, 30, 16, 28, 13, 22, 23, 10, 9, 24, 25, 38, 29, 4, 35, 21, 5, 20]
nuevo angulo: 182.28999999999996
------------------------------------   nuevo prisma   -----------------------------------
estado del Laser: LaserInfo[x=20.4, y=82.8, angle=182.28999999999996]
prisma mas cercano: PrismInfo[id=11, x=15.4, y=82.6, angle=66.262]
Lista de IDs: [7, 30, 16, 28, 13, 22, 23, 10, 9, 24, 25, 38, 29, 4, 35, 21, 5, 20, 11]
nuevo angulo: 248.5519999999999
------------------------------------   nuevo prisma   -----------------------------------
estado del Laser: LaserInfo[x=15.4, y=82.6, angle=248.5519999999999]
prisma mas cercano: PrismInfo[id=1, x=13.2, y=77.0, angle=17.937]
Lista de IDs: [7, 30, 16, 28, 13, 22, 23, 10, 9, 24, 25, 38, 29, 4, 35, 21, 5, 20, 11, 1]
nuevo angulo: 266.4889999999999
------------------------------------   nuevo prisma   -----------------------------------
estado del Laser: LaserInfo[x=13.2, y=77.0, angle=266.4889999999999]
prisma mas cercano: PrismInfo[id=33, x=11.2, y=44.4, angle=-165.941]
Lista de IDs: [7, 30, 16, 28, 13, 22, 23, 10, 9, 24, 25, 38, 29, 4, 35, 21, 5, 20, 11, 1, 33]
nuevo angulo: 100.54799999999989
------------------------------------   nuevo prisma   -----------------------------------
estado del Laser: LaserInfo[x=11.2, y=44.4, angle=100.54799999999989]
prisma mas cercano: PrismInfo[id=26, x=5.8, y=73.4, angle=6.555]
Lista de IDs: [7, 30, 16, 28, 13, 22, 23, 10, 9, 24, 25, 38, 29, 4, 35, 21, 5, 20, 11, 1, 33, 26]
nuevo angulo: 107.1029999999999
------------------------------------   nuevo prisma   -----------------------------------
estado del Laser: LaserInfo[x=5.8, y=73.4, angle=107.1029999999999]
prisma mas cercano: PrismInfo[id=32, x=4.2, y=78.6, angle=40.892]
Lista de IDs: [7, 30, 16, 28, 13, 22, 23, 10, 9, 24, 25, 38, 29, 4, 35, 21, 5, 20, 11, 1, 33, 26, 32]
nuevo angulo: 147.9949999999999
------------------------------------   nuevo prisma   -----------------------------------
estado del Laser: LaserInfo[x=4.2, y=78.6, angle=147.9949999999999]
prisma mas cercano: PrismInfo[id=6, x=1.0, y=80.6, angle=51.295]
Lista de IDs: [7, 30, 16, 28, 13, 22, 23, 10, 9, 24, 25, 38, 29, 4, 35, 21, 5, 20, 11, 1, 33, 26, 32, 6]
nuevo angulo: 199.28999999999996
------------------------------------   nuevo prisma   -----------------------------------
estado del Laser: LaserInfo[x=1.0, y=80.6, angle=199.28999999999996]
prisma mas cercano: PrismInfo[id=15, x=-3.0, y=79.2, angle=53.782]
Lista de IDs: [7, 30, 16, 28, 13, 22, 23, 10, 9, 24, 25, 38, 29, 4, 35, 21, 5, 20, 11, 1, 33, 26, 32, 6, 15]
nuevo angulo: 253.0719999999999
------------------------------------   nuevo prisma   -----------------------------------
estado del Laser: LaserInfo[x=-3.0, y=79.2, angle=253.0719999999999]
prisma mas cercano: PrismInfo[id=17, x=-4.4, y=74.6, angle=24.709]
Lista de IDs: [7, 30, 16, 28, 13, 22, 23, 10, 9, 24, 25, 38, 29, 4, 35, 21, 5, 20, 11, 1, 33, 26, 32, 6, 15, 17]
nuevo angulo: 277.78099999999995
------------------------------------   nuevo prisma   -----------------------------------
estado del Laser: LaserInfo[x=-4.4, y=74.6, angle=277.78099999999995]
prisma mas cercano: PrismInfo[id=2, x=0.0, y=42.4, angle=-21.817]
Lista de IDs: [7, 30, 16, 28, 13, 22, 23, 10, 9, 24, 25, 38, 29, 4, 35, 21, 5, 20, 11, 1, 33, 26, 32, 6, 15, 17, 2]
nuevo angulo: 255.96399999999994
------------------------------------   nuevo prisma   -----------------------------------
estado del Laser: LaserInfo[x=0.0, y=42.4, angle=255.96399999999994]
prisma mas cercano: PrismInfo[id=14, x=-2.0, y=34.4, angle=-52.001]
Lista de IDs: [7, 30, 16, 28, 13, 22, 23, 10, 9, 24, 25, 38, 29, 4, 35, 21, 5, 20, 11, 1, 33, 26, 32, 6, 15, 17, 2, 14]
nuevo angulo: 203.96299999999997
------------------------------------   nuevo prisma   -----------------------------------
estado del Laser: LaserInfo[x=-2.0, y=34.4, angle=203.96299999999997]
prisma mas cercano: PrismInfo[id=27, x=-5.6, y=32.8, angle=-75.303]
Lista de IDs: [7, 30, 16, 28, 13, 22, 23, 10, 9, 24, 25, 38, 29, 4, 35, 21, 5, 20, 11, 1, 33, 26, 32, 6, 15, 17, 2, 14, 27]
nuevo angulo: 128.65999999999997
------------------------------------   nuevo prisma   -----------------------------------
estado del Laser: LaserInfo[x=-5.6, y=32.8, angle=128.65999999999997]
prisma mas cercano: PrismInfo[id=34, x=-8.8, y=36.8, angle=-4.199]
Lista de IDs: [7, 30, 16, 28, 13, 22, 23, 10, 9, 24, 25, 38, 29, 4, 35, 21, 5, 20, 11, 1, 33, 26, 32, 6, 15, 17, 2, 14, 27, 34]
nuevo angulo: 124.46099999999996
------------------------------------   nuevo prisma   -----------------------------------
estado del Laser: LaserInfo[x=-8.8, y=36.8, angle=124.46099999999996]
prisma mas cercano: PrismInfo[id=37, x=-15.8, y=47.0, angle=33.29]
Lista de IDs: [7, 30, 16, 28, 13, 22, 23, 10, 9, 24, 25, 38, 29, 4, 35, 21, 5, 20, 11, 1, 33, 26, 32, 6, 15, 17, 2, 14, 27, 34, 37]
nuevo angulo: 157.75099999999998
------------------------------------   nuevo prisma   -----------------------------------
estado del Laser: LaserInfo[x=-15.8, y=47.0, angle=157.75099999999998]
prisma mas cercano: PrismInfo[id=31, x=-20.2, y=48.8, angle=30.615]
Lista de IDs: [7, 30, 16, 28, 13, 22, 23, 10, 9, 24, 25, 38, 29, 4, 35, 21, 5, 20, 11, 1, 33, 26, 32, 6, 15, 17, 2, 14, 27, 34, 37, 31]
nuevo angulo: 188.36599999999999
------------------------------------   nuevo prisma   -----------------------------------
estado del Laser: LaserInfo[x=-20.2, y=48.8, angle=188.36599999999999]
prisma mas cercano: PrismInfo[id=36, x=-27.0, y=47.8, angle=92.52]
Lista de IDs: [7, 30, 16, 28, 13, 22, 23, 10, 9, 24, 25, 38, 29, 4, 35, 21, 5, 20, 11, 1, 33, 26, 32, 6, 15, 17, 2, 14, 27, 34, 37, 31, 36]
nuevo angulo: 280.88599999999997
------------------------------------   nuevo prisma   -----------------------------------
estado del Laser: LaserInfo[x=-27.0, y=47.8, angle=280.88599999999997]
prisma mas cercano: PrismInfo[id=18, x=-26.0, y=42.6, angle=22.661]
Lista de IDs: [7, 30, 16, 28, 13, 22, 23, 10, 9, 24, 25, 38, 29, 4, 35, 21, 5, 20, 11, 1, 33, 26, 32, 6, 15, 17, 2, 14, 27, 34, 37, 31, 36, 18]
nuevo angulo: 303.547
------------------------------------   nuevo prisma   -----------------------------------
estado del Laser: LaserInfo[x=-26.0, y=42.6, angle=303.547]
prisma mas cercano: PrismInfo[id=19, x=-13.8, y=24.2, angle=-9.205]
Lista de IDs: [7, 30, 16, 28, 13, 22, 23, 10, 9, 24, 25, 38, 29, 4, 35, 21, 5, 20, 11, 1, 33, 26, 32, 6, 15, 17, 2, 14, 27, 34, 37, 31, 36, 18, 19]
nuevo angulo: 294.3420000000001
------------------------------------   nuevo prisma   -----------------------------------
estado del Laser: LaserInfo[x=-13.8, y=24.2, angle=294.3420000000001]
prisma mas cercano: PrismInfo[id=8, x=-10.0, y=15.8, angle=-9.24]
Lista de IDs: [7, 30, 16, 28, 13, 22, 23, 10, 9, 24, 25, 38, 29, 4, 35, 21, 5, 20, 11, 1, 33, 26, 32, 6, 15, 17, 2, 14, 27, 34, 37, 31, 36, 18, 19, 8]
nuevo angulo: 285.1020000000001
------------------------------------   nuevo prisma   -----------------------------------
estado del Laser: LaserInfo[x=-10.0, y=15.8, angle=285.1020000000001]
prisma mas cercano: PrismInfo[id=3, x=-6.6, y=3.2, angle=46.72]
Lista de IDs: [7, 30, 16, 28, 13, 22, 23, 10, 9, 24, 25, 38, 29, 4, 35, 21, 5, 20, 11, 1, 33, 26, 32, 6, 15, 17, 2, 14, 27, 34, 37, 31, 36, 18, 19, 8, 3]
nuevo angulo: 331.8220000000001
------------------------------------   nuevo prisma   -----------------------------------
estado del Laser: LaserInfo[x=-6.6, y=3.2, angle=331.8220000000001]
prisma mas cercano: PrismInfo[id=12, x=-1.0, y=0.2, angle=0.0]
Lista de IDs: [7, 30, 16, 28, 13, 22, 23, 10, 9, 24, 25, 38, 29, 4, 35, 21, 5, 20, 11, 1, 33, 26, 32, 6, 15, 17, 2, 14, 27, 34, 37, 31, 36, 18, 19, 8, 3, 12]
nuevo angulo: 331.8220000000001
------------------------------------   nuevo prisma   -----------------------------------
estado del Laser: LaserInfo[x=-1.0, y=0.2, angle=331.8220000000001]
No hay coincidencias, terminando busqueda.
]]></system-out>
  <system-err><![CDATA[]]></system-err>
</testsuite>
