<?xml version="1.0" encoding="UTF-8"?>
<testsuite name="ProverbTest" tests="6" skipped="0" failures="0" errors="0" timestamp="2026-07-31T00:17:36.835Z" hostname="DESKTOP-E9KNR5F" time="0.256">
  <properties/>
  <testcase name="three pieces" classname="ProverbTest" time="0.179"/>
  <testcase name="full proverb" classname="ProverbTest" time="0.002"/>
  <testcase name="zero pieces" classname="ProverbTest" time="0.01"/>
  <testcase name="one piece" classname="ProverbTest" time="0.002"/>
  <testcase name="two pieces" classname="ProverbTest" time="0.002"/>
  <testcase name="four pieces modernized" classname="ProverbTest" time="0.003"/>
  <system-out><![CDATA[cadena vacia
]]></system-out>
  <system-err><![CDATA[]]></system-err>
</testsuite>
