<?xml version="1.0" encoding="UTF-8"?>
<testsuite name="SieveTest" tests="5" skipped="0" failures="0" errors="0" timestamp="2026-08-12T00:43:38.125Z" hostname="DESKTOP-E9KNR5F" time="0.213">
  <properties/>
  <testcase name="find first prime" classname="SieveTest" time="0.145"/>
  <testcase name="no primes under two" classname="SieveTest" time="0.003"/>
  <testcase name="find primes up to 1000" classname="SieveTest" time="0.018"/>
  <testcase name="limit is prime" classname="SieveTest" time="0.003"/>
  <testcase name="find primes up to 10" classname="SieveTest" time="0.003"/>
  <system-out><![CDATA[]]></system-out>
  <system-err><![CDATA[]]></system-err>
</testsuite>
