<?xml version="1.0" encoding="UTF-8"?>
<testsuite name="RotationalCipherTest" tests="10" skipped="0" failures="0" errors="0" timestamp="2026-08-06T00:03:55.661Z" hostname="DESKTOP-E9KNR5F" time="0.274">
  <properties/>
  <testcase name="rotate capital letters" classname="RotationalCipherTest" time="0.173"/>
  <testcase name="rotate numbers" classname="RotationalCipherTest" time="0.003"/>
  <testcase name="rotate punctuation" classname="RotationalCipherTest" time="0.004"/>
  <testcase name="rotate all letters" classname="RotationalCipherTest" time="0.006"/>
  <testcase name="rotate a by 0, same output as input" classname="RotationalCipherTest" time="0.003"/>
  <testcase name="rotate a by 1" classname="RotationalCipherTest" time="0.002"/>
  <testcase name="rotate m by 13" classname="RotationalCipherTest" time="0.002"/>
  <testcase name="rotate a by 26, same output as input" classname="RotationalCipherTest" time="0.004"/>
  <testcase name="rotate spaces" classname="RotationalCipherTest" time="0.003"/>
  <testcase name="rotate n by 13 with wrap around alphabet" classname="RotationalCipherTest" time="0.002"/>
  <system-out><![CDATA[]]></system-out>
  <system-err><![CDATA[]]></system-err>
</testsuite>
