<?xml version="1.0" encoding="UTF-8"?>
<testsuite name="TwoferTest" tests="3" skipped="0" failures="0" errors="0" timestamp="2026-06-23T23:04:56.820Z" hostname="DESKTOP-E9KNR5F" time="0.22">
  <properties/>
  <testcase name="no name given" classname="TwoferTest" time="0.156"/>
  <testcase name="a name given" classname="TwoferTest" time="0.003"/>
  <testcase name="another name given" classname="TwoferTest" time="0.006"/>
  <system-out><![CDATA[]]></system-out>
  <system-err><![CDATA[]]></system-err>
</testsuite>
