<?xml version="1.0" encoding="UTF-8"?>
<testsuite name="MicroBlogTest" tests="12" skipped="0" failures="0" errors="0" timestamp="2026-07-07T00:53:38.970Z" hostname="DESKTOP-E9KNR5F" time="0.452">
  <properties/>
  <testcase name="Maths short" classname="MicroBlogTest" time="0.26"/>
  <testcase name="English language short" classname="MicroBlogTest" time="0.003"/>
  <testcase name="Royal Flush?" classname="MicroBlogTest" time="0.005"/>
  <testcase name="English language long" classname="MicroBlogTest" time="0.005"/>
  <testcase name="Emoji short" classname="MicroBlogTest" time="0.003"/>
  <testcase name="Maths long" classname="MicroBlogTest" time="0.002"/>
  <testcase name="English and emoji short" classname="MicroBlogTest" time="0.005"/>
  <testcase name="German language short (broth)" classname="MicroBlogTest" time="0.004"/>
  <testcase name="Bulgarian language short (good)" classname="MicroBlogTest" time="0.003"/>
  <testcase name="Emoji long" classname="MicroBlogTest" time="0.005"/>
  <testcase name="Greek language short (health)" classname="MicroBlogTest" time="0.008"/>
  <testcase name="German language long (bear carpet → beards)" classname="MicroBlogTest" time="0.01"/>
  <system-out><![CDATA[]]></system-out>
  <system-err><![CDATA[]]></system-err>
</testsuite>
