<?xml version="1.0" encoding="UTF-8"?>
<testsuite name="JedliksToyCarTest" tests="10" skipped="0" failures="0" errors="0" timestamp="2026-05-20T23:34:22.620Z" hostname="DESKTOP-E9KNR5F" time="0.326">
  <properties/>
  <testcase name="The static buy method returns a new remote controlled car instance" classname="JedliksToyCarTest" time="0.143"/>
  <testcase name="The distanceDisplay method shows the correct message after driving and draining all battery" classname="JedliksToyCarTest" time="0.054"/>
  <testcase name="The distanceDisplay method shows the correct message after driving once" classname="JedliksToyCarTest" time="0.004"/>
  <testcase name="The static buy method returns each time a new remote controlled car instance" classname="JedliksToyCarTest" time="0.004"/>
  <testcase name="The distanceDisplay method shows the correct message after driving multiple times" classname="JedliksToyCarTest" time="0.012"/>
  <testcase name="The batteryDisplay method shows the correct battery percentage after driving multiple times" classname="JedliksToyCarTest" time="0.014"/>
  <testcase name="The batteryDisplay method shows battery empty after draining all battery" classname="JedliksToyCarTest" time="0.032"/>
  <testcase name="The batteryDisplay method shows the correct message after driving once" classname="JedliksToyCarTest" time="0.003"/>
  <testcase name="The batteryDisplay method shows full battery message on a new car" classname="JedliksToyCarTest" time="0.003"/>
  <testcase name="The distanceDisplay method shows 0 meters message on a new car" classname="JedliksToyCarTest" time="0.002"/>
  <system-out><![CDATA[Driven 20 meters
Driven 40 meters
Driven 60 meters
Driven 80 meters
Driven 100 meters
Driven 120 meters
Driven 140 meters
Driven 160 meters
Driven 180 meters
Driven 200 meters
Driven 220 meters
Driven 240 meters
Driven 260 meters
Driven 280 meters
Driven 300 meters
Driven 320 meters
Driven 340 meters
Driven 360 meters
Driven 380 meters
Driven 400 meters
Driven 420 meters
Driven 440 meters
Driven 460 meters
Driven 480 meters
Driven 500 meters
Driven 520 meters
Driven 540 meters
Driven 560 meters
Driven 580 meters
Driven 600 meters
Driven 620 meters
Driven 640 meters
Driven 660 meters
Driven 680 meters
Driven 700 meters
Driven 720 meters
Driven 740 meters
Driven 760 meters
Driven 780 meters
Driven 800 meters
Driven 820 meters
Driven 840 meters
Driven 860 meters
Driven 880 meters
Driven 900 meters
Driven 920 meters
Driven 940 meters
Driven 960 meters
Driven 980 meters
Driven 1000 meters
Driven 1020 meters
Driven 1040 meters
Driven 1060 meters
Driven 1080 meters
Driven 1100 meters
Driven 1120 meters
Driven 1140 meters
Driven 1160 meters
Driven 1180 meters
Driven 1200 meters
Driven 1220 meters
Driven 1240 meters
Driven 1260 meters
Driven 1280 meters
Driven 1300 meters
Driven 1320 meters
Driven 1340 meters
Driven 1360 meters
Driven 1380 meters
Driven 1400 meters
Driven 1420 meters
Driven 1440 meters
Driven 1460 meters
Driven 1480 meters
Driven 1500 meters
Driven 1520 meters
Driven 1540 meters
Driven 1560 meters
Driven 1580 meters
Driven 1600 meters
Driven 1620 meters
Driven 1640 meters
Driven 1660 meters
Driven 1680 meters
Driven 1700 meters
Driven 1720 meters
Driven 1740 meters
Driven 1760 meters
Driven 1780 meters
Driven 1800 meters
Driven 1820 meters
Driven 1840 meters
Driven 1860 meters
Driven 1880 meters
Driven 1900 meters
Driven 1920 meters
Driven 1940 meters
Driven 1960 meters
Driven 1980 meters
Driven 2000 meters
Battery empty
Driven 20 meters
Driven 20 meters
Driven 40 meters
Driven 60 meters
Driven 80 meters
Driven 100 meters
Driven 120 meters
Driven 140 meters
Driven 160 meters
Driven 180 meters
Driven 200 meters
Driven 220 meters
Driven 240 meters
Driven 260 meters
Driven 280 meters
Driven 300 meters
Driven 320 meters
Driven 340 meters
Driven 20 meters
Driven 40 meters
Driven 60 meters
Driven 80 meters
Driven 100 meters
Driven 120 meters
Driven 140 meters
Driven 160 meters
Driven 180 meters
Driven 200 meters
Driven 220 meters
Driven 240 meters
Driven 260 meters
Driven 280 meters
Driven 300 meters
Driven 320 meters
Driven 340 meters
Driven 360 meters
Driven 380 meters
Driven 400 meters
Driven 420 meters
Driven 440 meters
Driven 460 meters
Driven 20 meters
Driven 40 meters
Driven 60 meters
Driven 80 meters
Driven 100 meters
Driven 120 meters
Driven 140 meters
Driven 160 meters
Driven 180 meters
Driven 200 meters
Driven 220 meters
Driven 240 meters
Driven 260 meters
Driven 280 meters
Driven 300 meters
Driven 320 meters
Driven 340 meters
Driven 360 meters
Driven 380 meters
Driven 400 meters
Driven 420 meters
Driven 440 meters
Driven 460 meters
Driven 480 meters
Driven 500 meters
Driven 520 meters
Driven 540 meters
Driven 560 meters
Driven 580 meters
Driven 600 meters
Driven 620 meters
Driven 640 meters
Driven 660 meters
Driven 680 meters
Driven 700 meters
Driven 720 meters
Driven 740 meters
Driven 760 meters
Driven 780 meters
Driven 800 meters
Driven 820 meters
Driven 840 meters
Driven 860 meters
Driven 880 meters
Driven 900 meters
Driven 920 meters
Driven 940 meters
Driven 960 meters
Driven 980 meters
Driven 1000 meters
Driven 1020 meters
Driven 1040 meters
Driven 1060 meters
Driven 1080 meters
Driven 1100 meters
Driven 1120 meters
Driven 1140 meters
Driven 1160 meters
Driven 1180 meters
Driven 1200 meters
Driven 1220 meters
Driven 1240 meters
Driven 1260 meters
Driven 1280 meters
Driven 1300 meters
Driven 1320 meters
Driven 1340 meters
Driven 1360 meters
Driven 1380 meters
Driven 1400 meters
Driven 1420 meters
Driven 1440 meters
Driven 1460 meters
Driven 1480 meters
Driven 1500 meters
Driven 1520 meters
Driven 1540 meters
Driven 1560 meters
Driven 1580 meters
Driven 1600 meters
Driven 1620 meters
Driven 1640 meters
Driven 1660 meters
Driven 1680 meters
Driven 1700 meters
Driven 1720 meters
Driven 1740 meters
Driven 1760 meters
Driven 1780 meters
Driven 1800 meters
Driven 1820 meters
Driven 1840 meters
Driven 1860 meters
Driven 1880 meters
Driven 1900 meters
Driven 1920 meters
Driven 1940 meters
Driven 1960 meters
Driven 1980 meters
Driven 2000 meters
Battery empty
Driven 20 meters
]]></system-out>
  <system-err><![CDATA[]]></system-err>
</testsuite>
